model-1593993293,1593993293.438,0.06,3.7612,0.0,3.7609
model-1593993293,1593993293.57,0.02,3.7609,0.06,3.7595
model-1593993293,1593993293.707,0.02,3.7609,0.0,3.7587
model-1593993293,1593993293.845,0.02,3.7583,0.06,3.7544
model-1593993293,1593993293.975,0.02,3.7539,0.14,3.7401
model-1593993293,1593993294.106,0.06,3.7455,0.02,3.7547
model-1593993293,1593993294.24,0.04,3.7473,0.04,3.7169
model-1593993293,1593993294.373,0.06,3.7394,0.1,3.6805
model-1593993293,1593993294.508,0.06,3.7294,0.1,3.7032
model-1593993293,1593993294.656,0.12,3.6773,0.04,3.7573
model-1593993293,1593993294.788,0.06,3.7381,0.04,3.758
model-1593993293,1593993294.919,0.04,3.7591,0.0,3.795
model-1593993293,1593993295.05,0.02,3.7794,0.02,3.7759
model-1593993293,1593993295.184,0.02,3.776,0.06,3.7337
model-1593993293,1593993295.318,0.1,3.6852,0.0,3.781
model-1593993293,1593993295.449,0.1,3.7157,0.02,3.7505
model-1593993293,1593993295.586,0.02,3.7727,0.06,3.7462
model-1593993293,1593993295.719,0.08,3.7293,0.04,3.7602
model-1593993293,1593993295.853,0.04,3.7597,0.04,3.7603
model-1593993293,1593993295.986,0.04,3.7607,0.06,3.7403
model-1593993293,1593993296.122,0.1,3.7005,0.02,3.7804
model-1593993293,1593993296.257,0.12,3.6804,0.06,3.7404
model-1593993293,1593993296.388,0.12,3.6804,0.08,3.7204
model-1593993293,1593993296.518,0.04,3.7604,0.04,3.7604
model-1593993293,1593993296.646,0.04,3.7604,0.04,3.7604
model-1593993293,1593993296.786,0.1,3.7004,0.02,3.7804
model-1593993293,1593993296.921,0.08,3.7204,0.14,3.6604
model-1593993293,1593993297.051,0.08,3.7204,0.08,3.7204
model-1593993293,1593993297.182,0.08,3.7204,0.04,3.7604
model-1593993293,1593993297.312,0.04,3.7604,0.02,3.7804
model-1593993293,1593993297.447,0.06,3.7404,0.1,3.7004
model-1593993293,1593993297.588,0.02,3.7804,0.04,3.7604
model-1593993293,1593993297.722,0.06,3.7404,0.04,3.7604
model-1593993293,1593993297.858,0.08,3.7204,0.06,3.7404
model-1593993293,1593993297.993,0.04,3.7604,0.02,3.7804
model-1593993293,1593993298.129,0.04,3.7604,0.04,3.7604
model-1593993293,1593993298.263,0.02,3.7804,0.02,3.7804
model-1593993293,1593993298.397,0.02,3.7804,0.08,3.7204
model-1593993293,1593993298.53,0.04,3.7604,0.06,3.7404
model-1593993293,1593993298.661,0.1,3.7004,0.1,3.7004
model-1593993293,1593993298.797,0.0,3.8004,0.1,3.7004
model-1593993293,1593993298.936,0.16,3.6404,0.04,3.7604
model-1593993293,1593993299.067,0.1,3.7004,0.04,3.7604
model-1593993293,1593993299.199,0.02,3.7804,0.06,3.7404
model-1593993293,1593993299.331,0.06,3.7404,0.04,3.7604
model-1593993293,1593993299.466,0.0,3.8004,0.04,3.7604
model-1593993293,1593993299.597,0.02,3.7804,0.08,3.7204
model-1593993293,1593993299.729,0.04,3.7604,0.04,3.7604
model-1593993293,1593993299.862,0.08,3.7204,0.08,3.7204
model-1593993293,1593993299.995,0.06,3.7404,0.06,3.7404
model-1593993293,1593993300.128,0.02,3.7804,0.02,3.7804
model-1593993293,1593993300.259,0.1,3.7004,0.06,3.7404
model-1593993293,1593993300.388,0.06,3.7404,0.08,3.7204
model-1593993293,1593993300.518,0.02,3.7804,0.06,3.7404
model-1593993293,1593993300.648,0.06,3.7404,0.0,3.8004
model-1593993293,1593993300.779,0.02,3.7804,0.06,3.7404
model-1593993293,1593993300.91,0.02,3.7804,0.02,3.7804
model-1593993293,1593993301.04,0.0,3.8004,0.06,3.7404
model-1593993293,1593993301.172,0.08,3.7204,0.02,3.7804
model-1593993293,1593993301.301,0.08,3.7204,0.04,3.7604
model-1593993293,1593993301.431,0.06,3.7404,0.08,3.7204
model-1593993293,1593993301.563,0.06,3.7404,0.02,3.7804
model-1593993293,1593993301.702,0.14,3.6604,0.02,3.7804
model-1593993293,1593993301.835,0.06,3.7404,0.02,3.7804
model-1593993293,1593993301.967,0.02,3.7804,0.04,3.7604
model-1593993293,1593993302.097,0.08,3.7204,0.04,3.7604
model-1593993293,1593993302.228,0.04,3.7604,0.02,3.7804
model-1593993293,1593993302.372,0.02,3.7804,0.0,3.8004
model-1593993293,1593993302.512,0.02,3.7804,0.04,3.7604
model-1593993293,1593993302.649,0.06,3.7404,0.06,3.7404
model-1593993293,1593993302.781,0.04,3.7604,0.08,3.7204
model-1593993293,1593993302.921,0.08,3.7204,0.04,3.7604
model-1593993293,1593993303.056,0.02,3.7804,0.0,3.8004
model-1593993293,1593993303.192,0.12,3.6804,0.08,3.7204
model-1593993293,1593993303.334,0.08,3.7204,0.04,3.7604
model-1593993293,1593993303.469,0.08,3.7204,0.06,3.7404
model-1593993293,1593993303.61,0.06,3.7404,0.08,3.7204
model-1593993293,1593993303.745,0.06,3.7404,0.08,3.7204
model-1593993293,1593993303.88,0.02,3.7804,0.06,3.7404
model-1593993293,1593993304.019,0.06,3.7404,0.1,3.7004
model-1593993293,1593993304.162,0.08,3.7204,0.02,3.7804
model-1593993293,1593993304.297,0.04,3.7604,0.0,3.8004
model-1593993293,1593993304.435,0.02,3.7804,0.06,3.7404
model-1593993293,1593993304.566,0.1,3.7004,0.02,3.7804
model-1593993293,1593993304.698,0.02,3.7804,0.04,3.7604
model-1593993293,1593993304.836,0.06,3.7404,0.08,3.7204
model-1593993293,1593993304.971,0.06,3.7404,0.04,3.7604
model-1593993293,1593993305.102,0.06,3.7404,0.04,3.7604
model-1593993293,1593993305.241,0.06,3.7404,0.14,3.6604
model-1593993293,1593993305.376,0.04,3.7604,0.04,3.7604
model-1593993293,1593993305.508,0.02,3.7804,0.06,3.7404
model-1593993293,1593993305.637,0.02,3.7804,0.0,3.8004
model-1593993293,1593993305.77,0.04,3.7604,0.02,3.7804
model-1593993293,1593993305.907,0.08,3.7204,0.02,3.7804
model-1593993293,1593993306.042,0.02,3.7804,0.04,3.7604
model-1593993293,1593993306.18,0.02,3.7804,0.04,3.7604
model-1593993293,1593993306.32,0.04,3.7604,0.06,3.7404
model-1593993293,1593993306.454,0.0,3.8004,0.0,3.8004
model-1593993293,1593993306.586,0.0,3.8004,0.02,3.7804
model-1593993293,1593993306.724,0.08,3.7204,0.06,3.7404
model-1593993293,1593993306.86,0.04,3.7604,0.08,3.7204
model-1593993293,1593993307.0,0.06,3.7404,0.0,3.8004
model-1593993293,1593993307.136,0.1,3.7004,0.02,3.7804
model-1593993293,1593993307.268,0.04,3.7604,0.02,3.7804
model-1593993293,1593993307.4,0.04,3.7604,0.04,3.7604
model-1593993293,1593993307.53,0.08,3.7204,0.02,3.7804
model-1593993293,1593993307.662,0.12,3.6804,0.14,3.6604
model-1593993293,1593993307.795,0.02,3.7804,0.02,3.7804
model-1593993293,1593993307.925,0.04,3.7604,0.0,3.8004
model-1593993293,1593993308.055,0.04,3.7604,0.04,3.7604
model-1593993293,1593993308.185,0.04,3.7604,0.04,3.7604
model-1593993293,1593993308.315,0.08,3.7204,0.0,3.8004
model-1593993293,1593993308.448,0.06,3.7404,0.04,3.7604
model-1593993293,1593993308.582,0.04,3.7604,0.0,3.8004
model-1593993293,1593993308.71,0.04,3.7604,0.08,3.7204
model-1593993293,1593993308.843,0.06,3.7404,0.04,3.7604
model-1593993293,1593993308.973,0.1,3.7004,0.0,3.8004
model-1593993293,1593993309.104,0.1,3.7004,0.06,3.7404
model-1593993293,1593993309.239,0.04,3.7604,0.04,3.7604
model-1593993293,1593993309.372,0.06,3.7404,0.06,3.7404
model-1593993293,1593993309.502,0.06,3.7404,0.02,3.7804
model-1593993293,1593993309.634,0.02,3.7804,0.06,3.7404
model-1593993293,1593993309.764,0.06,3.7404,0.08,3.7204
model-1593993293,1593993309.898,0.06,3.7404,0.06,3.7404
model-1593993293,1593993310.031,0.08,3.7204,0.08,3.7204
model-1593993293,1593993310.161,0.0,3.8004,0.0,3.8004
model-1593993293,1593993310.292,0.1,3.7004,0.0,3.8004
model-1593993293,1593993310.422,0.04,3.7604,0.02,3.7804
model-1593993293,1593993310.553,0.04,3.7604,0.1,3.7004
model-1593993293,1593993310.685,0.12,3.6804,0.04,3.7604
model-1593993293,1593993310.82,0.02,3.7804,0.06,3.7404
model-1593993293,1593993310.954,0.06,3.7404,0.1,3.7004
model-1593993293,1593993311.087,0.04,3.7604,0.06,3.7404
model-1593993293,1593993311.216,0.04,3.7604,0.04,3.7604
model-1593993293,1593993311.349,0.04,3.7604,0.1,3.7004
model-1593993293,1593993311.489,0.02,3.7804,0.02,3.7804
model-1593993293,1593993311.627,0.1,3.7004,0.06,3.7404
model-1593993293,1593993311.759,0.04,3.7604,0.04,3.7604
model-1593993293,1593993311.889,0.08,3.7204,0.04,3.7604
model-1593993293,1593993312.02,0.06,3.7404,0.04,3.7604
model-1593993293,1593993312.156,0.04,3.7604,0.06,3.7404
model-1593993293,1593993312.285,0.02,3.7804,0.08,3.7204
model-1593993293,1593993312.417,0.04,3.7604,0.08,3.7204
model-1593993293,1593993312.549,0.0,3.8004,0.1,3.7004
model-1593993293,1593993312.679,0.04,3.7604,0.08,3.7204
model-1593993293,1593993312.811,0.02,3.7804,0.04,3.7604
model-1593993293,1593993312.943,0.02,3.7804,0.04,3.7604
model-1593993293,1593993313.072,0.04,3.7604,0.06,3.7404
model-1593993293,1593993313.205,0.02,3.7804,0.06,3.7404
model-1593993293,1593993313.334,0.06,3.7404,0.0,3.8004
model-1593993293,1593993313.47,0.06,3.7404,0.02,3.7804
model-1593993293,1593993313.601,0.12,3.6804,0.02,3.7804
model-1593993293,1593993313.734,0.08,3.7204,0.04,3.7604
model-1593993293,1593993313.867,0.1,3.7004,0.06,3.7404
model-1593993293,1593993314.062,0.06,3.7404,0.06,3.7404
model-1593993293,1593993314.216,0.06,3.7404,0.04,3.7604
model-1593993293,1593993314.369,0.0,3.8004,0.06,3.7404
model-1593993293,1593993314.501,0.1,3.7004,0.06,3.7404
model-1593993293,1593993314.634,0.0,3.8004,0.08,3.7204
model-1593993293,1593993314.765,0.08,3.7204,0.04,3.7604
model-1593993293,1593993314.896,0.02,3.7804,0.0,3.8004
model-1593993293,1593993315.028,0.04,3.7604,0.02,3.7804
model-1593993293,1593993315.162,0.04,3.7604,0.06,3.7404
model-1593993293,1593993315.297,0.04,3.7604,0.04,3.7604
model-1593993293,1593993315.43,0.04,3.7604,0.06,3.7404
model-1593993293,1593993315.561,0.06,3.7404,0.06,3.7404
model-1593993293,1593993315.694,0.0,3.8004,0.04,3.7604
model-1593993293,1593993315.826,0.06,3.7404,0.04,3.7604
model-1593993293,1593993315.958,0.08,3.7204,0.06,3.7404
model-1593993293,1593993316.09,0.02,3.7804,0.0,3.8004
model-1593993293,1593993316.222,0.02,3.7804,0.04,3.7604
model-1593993293,1593993316.352,0.06,3.7404,0.06,3.7404
model-1593993293,1593993316.48,0.04,3.7604,0.1,3.7004
model-1593993293,1593993316.61,0.06,3.7404,0.0,3.8004
model-1593993293,1593993316.74,0.06,3.7404,0.04,3.7604
model-1593993293,1593993316.871,0.0,3.8004,0.06,3.7404
model-1593993293,1593993317.004,0.04,3.7604,0.06,3.7404
model-1593993293,1593993317.137,0.0,3.8004,0.06,3.7404
model-1593993293,1593993317.268,0.04,3.7604,0.06,3.7404
model-1593993293,1593993317.401,0.0,3.8004,0.04,3.7604
model-1593993293,1593993317.538,0.04,3.7604,0.04,3.7604
model-1593993293,1593993317.675,0.02,3.7804,0.02,3.7804
model-1593993293,1593993317.808,0.1,3.7004,0.1,3.7004
model-1593993293,1593993317.941,0.0,3.8004,0.1,3.7004
model-1593993293,1593993318.072,0.06,3.7404,0.04,3.7604
model-1593993293,1593993318.202,0.02,3.7804,0.02,3.7804
model-1593993293,1593993318.331,0.06,3.7404,0.02,3.7804
model-1593993293,1593993318.462,0.0,3.8004,0.02,3.7804
model-1593993293,1593993318.598,0.02,3.7804,0.04,3.7604
model-1593993293,1593993318.733,0.04,3.7604,0.04,3.7604
model-1593993293,1593993318.868,0.08,3.7204,0.08,3.7204
model-1593993293,1593993319.003,0.12,3.6804,0.06,3.7404
model-1593993293,1593993319.135,0.06,3.7404,0.0,3.8004
model-1593993293,1593993319.269,0.06,3.7404,0.04,3.7604
model-1593993293,1593993319.399,0.08,3.7204,0.04,3.7604
model-1593993293,1593993319.531,0.04,3.7604,0.06,3.7404
model-1593993293,1593993319.661,0.06,3.7404,0.04,3.7604
model-1593993293,1593993319.793,0.06,3.7404,0.0,3.8004
model-1593993293,1593993319.925,0.02,3.7804,0.04,3.7604
model-1593993293,1593993320.057,0.02,3.7804,0.02,3.7804
model-1593993293,1593993320.189,0.04,3.7604,0.08,3.7204
model-1593993293,1593993320.322,0.06,3.7404,0.04,3.7604
model-1593993293,1593993320.454,0.02,3.7804,0.06,3.7404
model-1593993293,1593993320.586,0.08,3.7204,0.02,3.7804
model-1593993293,1593993320.718,0.06,3.7404,0.08,3.7204
model-1593993293,1593993320.85,0.04,3.7604,0.04,3.7604
model-1593993293,1593993320.981,0.06,3.7404,0.16,3.6404
model-1593993293,1593993321.113,0.06,3.7404,0.1,3.7004
model-1593993293,1593993321.243,0.08,3.7204,0.04,3.7604
model-1593993293,1593993321.377,0.04,3.7604,0.04,3.7604
model-1593993293,1593993321.509,0.08,3.7204,0.0,3.8004
model-1593993293,1593993321.643,0.04,3.7604,0.04,3.7604
model-1593993293,1593993321.779,0.04,3.7604,0.04,3.7604
model-1593993293,1593993321.908,0.02,3.7804,0.04,3.7604
model-1593993293,1593993322.04,0.02,3.7804,0.02,3.7804
model-1593993293,1593993322.172,0.04,3.7604,0.06,3.7404
model-1593993293,1593993322.305,0.02,3.7804,0.08,3.7204
model-1593993293,1593993322.433,0.04,3.7604,0.06,3.7404
model-1593993293,1593993322.565,0.04,3.7604,0.06,3.7404
model-1593993293,1593993322.696,0.04,3.7604,0.06,3.7404
model-1593993293,1593993322.826,0.12,3.6804,0.04,3.7604
model-1593993293,1593993322.962,0.06,3.7404,0.04,3.7604
model-1593993293,1593993323.094,0.14,3.6604,0.04,3.7604
model-1593993293,1593993323.225,0.06,3.7404,0.02,3.7804
model-1593993293,1593993323.363,0.1,3.7004,0.02,3.7804
model-1593993293,1593993323.506,0.02,3.7804,0.02,3.7804
model-1593993293,1593993323.648,0.06,3.7404,0.08,3.7204
model-1593993293,1593993323.779,0.08,3.7204,0.04,3.7604
model-1593993293,1593993323.913,0.02,3.7804,0.04,3.7604
model-1593993293,1593993324.045,0.06,3.7404,0.02,3.7804
model-1593993293,1593993324.179,0.04,3.7604,0.14,3.6604
model-1593993293,1593993324.31,0.04,3.7604,0.1,3.7004
model-1593993293,1593993324.445,0.08,3.7204,0.04,3.7604
model-1593993293,1593993324.575,0.02,3.7804,0.0,3.8004
model-1593993293,1593993324.707,0.06,3.7404,0.08,3.7204
model-1593993293,1593993324.84,0.04,3.7604,0.02,3.7804
model-1593993293,1593993324.979,0.06,3.7404,0.04,3.7604
model-1593993293,1593993325.114,0.08,3.7204,0.06,3.7404
model-1593993293,1593993325.249,0.0,3.8004,0.02,3.7804
model-1593993293,1593993325.381,0.02,3.7804,0.04,3.7604
model-1593993293,1593993325.514,0.02,3.7804,0.06,3.7404
model-1593993293,1593993325.648,0.08,3.7204,0.04,3.7604
model-1593993293,1593993325.785,0.02,3.7804,0.1,3.7004
model-1593993293,1593993325.918,0.04,3.7604,0.04,3.7604
model-1593993293,1593993326.05,0.0,3.8004,0.08,3.7204
model-1593993293,1593993326.181,0.04,3.7604,0.08,3.7204
model-1593993293,1593993326.313,0.04,3.7604,0.04,3.7604
model-1593993293,1593993326.444,0.0,3.8004,0.0,3.8004
model-1593993293,1593993326.575,0.04,3.7604,0.1,3.7004
model-1593993293,1593993326.711,0.0,3.8004,0.12,3.6804
model-1593993293,1593993326.853,0.06,3.7404,0.08,3.7204
model-1593993293,1593993326.988,0.0,3.8004,0.06,3.7404
model-1593993293,1593993327.122,0.08,3.7204,0.06,3.7404
model-1593993293,1593993327.251,0.0,3.8004,0.1,3.7004
model-1593993293,1593993327.382,0.04,3.7604,0.06,3.7404
model-1593993293,1593993327.513,0.02,3.7804,0.14,3.6604
model-1593993293,1593993327.641,0.08,3.7204,0.04,3.7604
model-1593993293,1593993327.775,0.02,3.7804,0.02,3.7804
model-1593993293,1593993327.906,0.04,3.7604,0.04,3.7604
model-1593993293,1593993328.037,0.1,3.7004,0.02,3.7804
model-1593993293,1593993328.167,0.04,3.7604,0.02,3.7804
model-1593993293,1593993328.298,0.08,3.7204,0.0,3.8004
model-1593993293,1593993328.43,0.06,3.7404,0.02,3.7804
model-1593993293,1593993328.561,0.06,3.7404,0.04,3.7604
model-1593993293,1593993328.696,0.04,3.7604,0.02,3.7804
model-1593993293,1593993328.826,0.02,3.7804,0.0,3.8004
model-1593993293,1593993328.958,0.06,3.7404,0.04,3.7604
model-1593993293,1593993329.089,0.02,3.7804,0.08,3.7204
model-1593993293,1593993329.226,0.02,3.7804,0.08,3.7204
model-1593993293,1593993329.362,0.1,3.7004,0.04,3.7604
model-1593993293,1593993329.495,0.06,3.7404,0.02,3.7804
model-1593993293,1593993329.625,0.04,3.7604,0.04,3.7604
model-1593993293,1593993329.757,0.02,3.7804,0.0,3.8004
model-1593993293,1593993329.889,0.06,3.7404,0.04,3.7604
model-1593993293,1593993330.022,0.04,3.7604,0.02,3.7804
model-1593993293,1593993330.155,0.08,3.7204,0.08,3.7204
model-1593993293,1593993330.287,0.04,3.7604,0.06,3.7404
model-1593993293,1593993330.42,0.08,3.7204,0.02,3.7804
model-1593993293,1593993330.554,0.1,3.7004,0.0,3.8004
model-1593993293,1593993330.687,0.08,3.7204,0.04,3.7604
model-1593993293,1593993330.826,0.06,3.7404,0.06,3.7404
model-1593993293,1593993330.96,0.1,3.7004,0.04,3.7604
model-1593993293,1593993331.093,0.1,3.7004,0.02,3.7804
model-1593993293,1593993331.228,0.06,3.7404,0.04,3.7604
model-1593993293,1593993331.369,0.02,3.7804,0.04,3.7604
model-1593993293,1593993331.501,0.1,3.7004,0.04,3.7604
model-1593993293,1593993331.637,0.08,3.7204,0.06,3.7404
model-1593993293,1593993331.766,0.1,3.7004,0.02,3.7804
model-1593993293,1593993331.897,0.1,3.7004,0.02,3.7804
model-1593993293,1593993332.027,0.14,3.6604,0.08,3.7204
model-1593993293,1593993332.158,0.06,3.7404,0.04,3.7604
model-1593993293,1593993332.29,0.04,3.7604,0.06,3.7404
model-1593993293,1593993332.421,0.1,3.7004,0.04,3.7604
model-1593993293,1593993332.552,0.04,3.7604,0.06,3.7404
model-1593993293,1593993332.685,0.06,3.7404,0.04,3.7604
model-1593993293,1593993332.818,0.02,3.7804,0.0,3.8004
model-1593993293,1593993332.95,0.04,3.7604,0.04,3.7604
model-1593993293,1593993333.082,0.1,3.7004,0.16,3.6404
model-1593993293,1593993333.213,0.04,3.7604,0.06,3.7404
model-1593993293,1593993333.347,0.04,3.7604,0.04,3.7604
model-1593993293,1593993333.481,0.08,3.7204,0.08,3.7204
model-1593993293,1593993333.614,0.04,3.7604,0.04,3.7604
model-1593993293,1593993333.743,0.06,3.7404,0.0,3.8004
model-1593993293,1593993333.874,0.06,3.7404,0.02,3.7804
model-1593993293,1593993334.006,0.12,3.6804,0.04,3.7604
model-1593993293,1593993334.138,0.0,3.8004,0.0,3.8004
model-1593993293,1593993334.272,0.02,3.7804,0.16,3.6404
model-1593993293,1593993334.402,0.04,3.7604,0.04,3.7604
model-1593993293,1593993334.535,0.06,3.7404,0.04,3.7604
model-1593993293,1593993334.668,0.08,3.7204,0.02,3.7804
model-1593993293,1593993334.797,0.04,3.7604,0.02,3.7804
model-1593993293,1593993334.927,0.1,3.7004,0.0,3.8004
model-1593993293,1593993335.056,0.06,3.7404,0.04,3.7604
model-1593993293,1593993335.189,0.04,3.7604,0.04,3.7604
model-1593993293,1593993335.328,0.06,3.7404,0.08,3.7204
model-1593993293,1593993335.458,0.06,3.7404,0.04,3.7604
model-1593993293,1593993335.589,0.02,3.7804,0.04,3.7604
model-1593993293,1593993335.718,0.08,3.7204,0.04,3.7604
model-1593993293,1593993335.846,0.08,3.7204,0.02,3.7804
model-1593993293,1593993335.977,0.06,3.7404,0.08,3.7204
model-1593993293,1593993336.107,0.02,3.7804,0.08,3.7204
model-1593993293,1593993336.238,0.1,3.7004,0.08,3.7204
model-1593993293,1593993336.369,0.04,3.7604,0.08,3.7204
model-1593993293,1593993336.503,0.02,3.7804,0.04,3.7604
model-1593993293,1593993336.638,0.0,3.8004,0.08,3.7204
model-1593993293,1593993336.772,0.04,3.7604,0.04,3.7604
model-1593993293,1593993336.903,0.06,3.7404,0.06,3.7404
model-1593993293,1593993337.033,0.02,3.7804,0.04,3.7604
model-1593993293,1593993337.163,0.02,3.7804,0.08,3.7204
model-1593993293,1593993337.292,0.04,3.7604,0.06,3.7404
model-1593993293,1593993337.42,0.06,3.7404,0.02,3.7804
model-1593993293,1593993337.551,0.04,3.7604,0.04,3.7604
model-1593993293,1593993337.687,0.08,3.7204,0.02,3.7804
model-1593993293,1593993337.824,0.1,3.7004,0.04,3.7604
model-1593993293,1593993337.958,0.06,3.7404,0.04,3.7604
model-1593993293,1593993338.09,0.0,3.8004,0.04,3.7604
model-1593993293,1593993338.22,0.08,3.7204,0.08,3.7204
model-1593993293,1593993338.364,0.04,3.7604,0.02,3.7804
model-1593993293,1593993338.5,0.04,3.7604,0.02,3.7804
model-1593993293,1593993338.632,0.12,3.6804,0.04,3.7604
model-1593993293,1593993338.764,0.08,3.7204,0.04,3.7604
model-1593993293,1593993338.893,0.06,3.7404,0.02,3.7804
model-1593993293,1593993339.026,0.06,3.7404,0.04,3.7604
model-1593993293,1593993339.155,0.02,3.7804,0.04,3.7604
model-1593993293,1593993339.284,0.1,3.7004,0.1,3.7004
model-1593993293,1593993339.419,0.02,3.7804,0.04,3.7604
model-1593993293,1593993339.556,0.04,3.7604,0.02,3.7804
model-1593993293,1593993339.691,0.04,3.7604,0.04,3.7604
model-1593993293,1593993339.82,0.02,3.7804,0.02,3.7804
model-1593993293,1593993339.95,0.02,3.7804,0.06,3.7404
model-1593993293,1593993340.082,0.08,3.7204,0.08,3.7204
model-1593993293,1593993340.215,0.02,3.7804,0.04,3.7604
model-1593993293,1593993340.348,0.04,3.7604,0.08,3.7204
model-1593993293,1593993340.48,0.04,3.7604,0.0,3.8004
model-1593993293,1593993340.611,0.04,3.7604,0.04,3.7604
model-1593993293,1593993340.743,0.02,3.7804,0.06,3.7404
model-1593993293,1593993340.877,0.04,3.7604,0.06,3.7404
model-1593993293,1593993341.007,0.04,3.7604,0.04,3.7604
model-1593993293,1593993341.137,0.04,3.7604,0.04,3.7604
model-1593993293,1593993341.267,0.02,3.7804,0.0,3.8004
model-1593993293,1593993341.401,0.0,3.8004,0.08,3.7204
model-1593993293,1593993341.531,0.08,3.7204,0.06,3.7404
model-1593993293,1593993341.662,0.08,3.7204,0.02,3.7804
model-1593993293,1593993341.791,0.02,3.7804,0.06,3.7404
model-1593993293,1593993341.922,0.02,3.7804,0.06,3.7404
model-1593993293,1593993342.053,0.04,3.7604,0.0,3.8004
model-1593993293,1593993342.186,0.02,3.7804,0.08,3.7204
model-1593993293,1593993342.317,0.1,3.7004,0.0,3.8004
model-1593993293,1593993342.457,0.06,3.7404,0.04,3.7604
model-1593993293,1593993342.604,0.08,3.7204,0.1,3.7004
model-1593993293,1593993342.741,0.06,3.7404,0.02,3.7804
model-1593993293,1593993342.882,0.06,3.7404,0.14,3.6604
model-1593993293,1593993343.013,0.08,3.7204,0.04,3.7604
model-1593993293,1593993343.143,0.04,3.7604,0.06,3.7404
model-1593993293,1593993343.276,0.02,3.7804,0.06,3.7404
model-1593993293,1593993343.414,0.08,3.7204,0.08,3.7204
model-1593993293,1593993343.546,0.04,3.7604,0.06,3.7404
model-1593993293,1593993343.683,0.1,3.7004,0.06,3.7404
model-1593993293,1593993343.827,0.1,3.7004,0.02,3.7804
model-1593993293,1593993343.967,0.04,3.7604,0.04,3.7604
model-1593993293,1593993344.101,0.08,3.7204,0.06,3.7404
model-1593993293,1593993344.233,0.06,3.7404,0.04,3.7604
model-1593993293,1593993344.369,0.04,3.7604,0.06,3.7404
model-1593993293,1593993344.507,0.08,3.7204,0.1,3.7004
model-1593993293,1593993344.65,0.02,3.7804,0.14,3.6604
model-1593993293,1593993344.782,0.0,3.8004,0.04,3.7604
model-1593993293,1593993344.914,0.04,3.7604,0.04,3.7604
model-1593993293,1593993345.051,0.02,3.7804,0.02,3.7804
model-1593993293,1593993345.191,0.02,3.7804,0.06,3.7404
model-1593993293,1593993345.328,0.04,3.7604,0.08,3.7204
model-1593993293,1593993345.46,0.06,3.7404,0.08,3.7204
model-1593993293,1593993345.591,0.04,3.7604,0.02,3.7804
model-1593993293,1593993345.727,0.0,3.8004,0.08,3.7204
model-1593993293,1593993345.879,0.06,3.7404,0.02,3.7804
model-1593993293,1593993346.022,0.06,3.7404,0.06,3.7404
model-1593993293,1593993346.168,0.02,3.7804,0.1,3.7004
model-1593993293,1593993346.303,0.08,3.7204,0.02,3.7804
model-1593993293,1593993346.443,0.06,3.7404,0.04,3.7604
model-1593993293,1593993346.592,0.02,3.7804,0.06,3.7404
model-1593993293,1593993346.726,0.04,3.7604,0.06,3.7404
model-1593993293,1593993346.855,0.12,3.6804,0.02,3.7804
model-1593993293,1593993346.996,0.02,3.7804,0.04,3.7604
model-1593993293,1593993347.136,0.02,3.7804,0.12,3.6804
model-1593993293,1593993347.265,0.04,3.7604,0.04,3.7604
model-1593993293,1593993347.397,0.06,3.7404,0.06,3.7404
model-1593993293,1593993347.533,0.04,3.7604,0.16,3.6404
model-1593993293,1593993347.67,0.06,3.7404,0.04,3.7604
model-1593993293,1593993347.807,0.02,3.7804,0.04,3.7604
model-1593993293,1593993347.938,0.1,3.7004,0.02,3.7804
model-1593993293,1593993348.07,0.08,3.7204,0.1,3.7004
model-1593993293,1593993348.212,0.04,3.7604,0.14,3.6604
model-1593993293,1593993348.348,0.02,3.7804,0.02,3.7804
model-1593993293,1593993348.481,0.04,3.7604,0.02,3.7804
model-1593993293,1593993348.612,0.08,3.7204,0.12,3.6804
model-1593993293,1593993348.74,0.04,3.7604,0.08,3.7204
model-1593993293,1593993348.874,0.06,3.7404,0.02,3.7804
model-1593993293,1593993349.003,0.08,3.7204,0.04,3.7604
model-1593993293,1593993349.133,0.04,3.7604,0.08,3.7204
model-1593993293,1593993349.262,0.02,3.7804,0.06,3.7404
model-1593993293,1593993349.392,0.08,3.7204,0.04,3.7604
model-1593993293,1593993349.522,0.04,3.7604,0.06,3.7404
model-1593993293,1593993349.668,0.08,3.7204,0.02,3.7804
model-1593993293,1593993349.803,0.04,3.7604,0.04,3.7604
model-1593993293,1593993349.939,0.08,3.7204,0.04,3.7604
model-1593993293,1593993350.071,0.04,3.7604,0.12,3.6804
model-1593993293,1593993350.204,0.06,3.7404,0.02,3.7804
model-1593993293,1593993350.34,0.04,3.7604,0.08,3.7204
model-1593993293,1593993350.48,0.02,3.7804,0.06,3.7404
model-1593993293,1593993350.618,0.02,3.7804,0.04,3.7604
model-1593993293,1593993350.759,0.02,3.7804,0.0,3.8004
model-1593993293,1593993350.898,0.04,3.7604,0.06,3.7404
model-1593993293,1593993351.034,0.06,3.7404,0.04,3.7604
model-1593993293,1593993351.172,0.06,3.7404,0.08,3.7204
model-1593993293,1593993351.313,0.02,3.7804,0.06,3.7404
model-1593993293,1593993351.455,0.04,3.7604,0.04,3.7604
model-1593993293,1593993351.595,0.06,3.7404,0.06,3.7404
model-1593993293,1593993351.733,0.12,3.6804,0.02,3.7804
model-1593993293,1593993351.871,0.04,3.7604,0.06,3.7404
model-1593993293,1593993352.009,0.04,3.7604,0.08,3.7204
model-1593993293,1593993352.147,0.02,3.7804,0.06,3.7404
model-1593993293,1593993352.284,0.04,3.7604,0.04,3.7604
model-1593993293,1593993352.418,0.0,3.8004,0.02,3.7804
model-1593993293,1593993352.563,0.1,3.7004,0.02,3.7804
model-1593993293,1593993352.743,0.1,3.7004,0.06,3.7404
model-1593993293,1593993352.883,0.02,3.7804,0.06,3.7404
model-1593993293,1593993353.019,0.02,3.7804,0.06,3.7404
model-1593993293,1593993353.154,0.0,3.8004,0.04,3.7604
model-1593993293,1593993353.29,0.1,3.7004,0.08,3.7204
model-1593993293,1593993353.443,0.06,3.7404,0.16,3.6404
model-1593993293,1593993353.59,0.02,3.7804,0.0,3.8004
model-1593993293,1593993353.739,0.02,3.7804,0.04,3.7604
model-1593993293,1593993353.878,0.02,3.7804,0.04,3.7604
model-1593993293,1593993354.013,0.02,3.7804,0.0,3.8004
model-1593993293,1593993354.147,0.02,3.7804,0.1,3.7004
model-1593993293,1593993354.283,0.04,3.7604,0.06,3.7404
model-1593993293,1593993354.418,0.06,3.7404,0.02,3.7804
model-1593993293,1593993354.552,0.02,3.7804,0.04,3.7604
model-1593993293,1593993354.684,0.14,3.6604,0.1,3.7004
model-1593993293,1593993354.818,0.06,3.7404,0.08,3.7204
model-1593993293,1593993354.952,0.04,3.7604,0.06,3.7404
model-1593993293,1593993355.085,0.02,3.7804,0.08,3.7204
model-1593993293,1593993355.22,0.1,3.7004,0.04,3.7604
model-1593993293,1593993355.354,0.02,3.7804,0.14,3.6604
model-1593993293,1593993355.492,0.04,3.7604,0.02,3.7804
model-1593993293,1593993355.647,0.06,3.7404,0.08,3.7204
model-1593993293,1593993355.816,0.08,3.7204,0.02,3.7804
model-1593993293,1593993355.969,0.04,3.7604,0.06,3.7404
model-1593993293,1593993356.107,0.04,3.7604,0.08,3.7204
model-1593993293,1593993356.251,0.1,3.7004,0.02,3.7804
model-1593993293,1593993356.389,0.08,3.7204,0.1,3.7004
model-1593993293,1593993356.536,0.04,3.7604,0.02,3.7804
model-1593993293,1593993356.693,0.02,3.7804,0.02,3.7804
model-1593993293,1593993356.831,0.08,3.7204,0.06,3.7404
model-1593993293,1593993356.968,0.06,3.7404,0.02,3.7804
model-1593993293,1593993357.107,0.04,3.7604,0.04,3.7604
model-1593993293,1593993357.243,0.02,3.7804,0.06,3.7404
model-1593993293,1593993357.379,0.1,3.7004,0.04,3.7604
model-1593993293,1593993357.567,0.04,3.7604,0.02,3.7804
model-1593993293,1593993357.703,0.02,3.7804,0.04,3.7604
model-1593993293,1593993357.841,0.04,3.7604,0.04,3.7604
model-1593993293,1593993357.975,0.1,3.7004,0.04,3.7604
model-1593993293,1593993358.115,0.1,3.7004,0.02,3.7804
model-1593993293,1593993358.253,0.06,3.7404,0.02,3.7804
model-1593993293,1593993358.398,0.04,3.7604,0.04,3.7604
model-1593993293,1593993358.536,0.04,3.7604,0.06,3.7404
model-1593993293,1593993358.677,0.06,3.7404,0.04,3.7604
model-1593993293,1593993358.813,0.02,3.7804,0.02,3.7804
model-1593993293,1593993358.962,0.06,3.7404,0.08,3.7204
model-1593993293,1593993359.108,0.02,3.7804,0.04,3.7604
model-1593993293,1593993359.252,0.02,3.7804,0.02,3.7804
model-1593993293,1593993359.401,0.1,3.7004,0.06,3.7404
model-1593993293,1593993359.537,0.02,3.7804,0.14,3.6604
model-1593993293,1593993359.673,0.02,3.7804,0.04,3.7604
model-1593993293,1593993359.83,0.08,3.7204,0.02,3.7804
model-1593993293,1593993359.986,0.06,3.7404,0.02,3.7804
model-1593993293,1593993360.142,0.06,3.7404,0.02,3.7804
model-1593993293,1593993360.297,0.1,3.7004,0.04,3.7604
model-1593993293,1593993360.435,0.02,3.7804,0.06,3.7404
model-1593993293,1593993360.572,0.04,3.7604,0.02,3.7804
model-1593993293,1593993360.708,0.08,3.7204,0.04,3.7604
model-1593993293,1593993360.847,0.06,3.7404,0.06,3.7404
model-1593993293,1593993360.98,0.08,3.7204,0.08,3.7204
model-1593993293,1593993361.113,0.04,3.7604,0.14,3.6604
model-1593993293,1593993361.251,0.06,3.7404,0.06,3.7404
model-1593993293,1593993361.389,0.02,3.7804,0.06,3.7404
model-1593993293,1593993361.522,0.06,3.7404,0.06,3.7404
model-1593993293,1593993361.659,0.04,3.7604,0.06,3.7404
model-1593993293,1593993361.792,0.08,3.7204,0.12,3.6804
model-1593993293,1593993361.935,0.04,3.7604,0.06,3.7404
model-1593993293,1593993362.102,0.04,3.7604,0.12,3.6804
model-1593993293,1593993362.267,0.06,3.7404,0.04,3.7604
model-1593993293,1593993362.414,0.08,3.7204,0.02,3.7804
model-1593993293,1593993362.559,0.06,3.7404,0.02,3.7804
model-1593993293,1593993362.703,0.08,3.7204,0.06,3.7404
model-1593993293,1593993362.845,0.02,3.7804,0.02,3.7804
model-1593993293,1593993362.989,0.04,3.7604,0.1,3.7004
model-1593993293,1593993363.134,0.02,3.7804,0.02,3.7804
model-1593993293,1593993363.274,0.04,3.7604,0.08,3.7204
model-1593993293,1593993363.412,0.06,3.7404,0.16,3.6404
model-1593993293,1593993363.564,0.08,3.7204,0.04,3.7604
model-1593993293,1593993363.732,0.02,3.7804,0.06,3.7404
model-1593993293,1593993363.886,0.02,3.7804,0.06,3.7404
model-1593993293,1593993364.078,0.0,3.8004,0.0,3.8004
model-1593993293,1593993364.26,0.06,3.7404,0.08,3.7204
model-1593993293,1593993364.4,0.1,3.7004,0.06,3.7404
model-1593993293,1593993364.535,0.08,3.7204,0.06,3.7404
model-1593993293,1593993364.67,0.1,3.7004,0.04,3.7604
model-1593993293,1593993364.81,0.04,3.7604,0.04,3.7604
model-1593993293,1593993364.944,0.08,3.7204,0.1,3.7004
model-1593993293,1593993365.079,0.02,3.7804,0.06,3.7404
model-1593993293,1593993365.209,0.02,3.7804,0.12,3.6804
model-1593993293,1593993365.342,0.06,3.7404,0.04,3.7604
model-1593993293,1593993365.475,0.02,3.7804,0.04,3.7604
model-1593993293,1593993365.607,0.06,3.7404,0.06,3.7404
model-1593993293,1593993365.737,0.06,3.7404,0.08,3.7204
model-1593993293,1593993365.867,0.02,3.7804,0.04,3.7604
model-1593993293,1593993365.999,0.08,3.7204,0.0,3.8004
model-1593993293,1593993366.13,0.06,3.7404,0.02,3.7804
model-1593993293,1593993366.263,0.04,3.7604,0.04,3.7604
model-1593993293,1593993366.4,0.04,3.7604,0.06,3.7404
model-1593993293,1593993366.534,0.08,3.7204,0.08,3.7204
model-1593993293,1593993366.668,0.1,3.7004,0.02,3.7804
model-1593993293,1593993366.809,0.08,3.7204,0.0,3.8004
model-1593993293,1593993366.944,0.02,3.7804,0.12,3.6804
model-1593993293,1593993367.088,0.04,3.7604,0.04,3.7604
model-1593993293,1593993367.234,0.02,3.7804,0.0,3.8004
model-1593993293,1593993367.382,0.06,3.7404,0.06,3.7404
model-1593993293,1593993367.516,0.04,3.7604,0.04,3.7604
model-1593993293,1593993367.655,0.02,3.7804,0.1,3.7004
model-1593993293,1593993367.797,0.1,3.7004,0.08,3.7204
model-1593993293,1593993367.941,0.06,3.7404,0.02,3.7804
model-1593993293,1593993368.078,0.04,3.7604,0.02,3.7804
model-1593993293,1593993368.216,0.08,3.7204,0.06,3.7404
model-1593993293,1593993368.355,0.02,3.7804,0.02,3.7804
model-1593993293,1593993368.495,0.1,3.7004,0.08,3.7204
model-1593993293,1593993368.633,0.06,3.7404,0.04,3.7604
model-1593993293,1593993368.765,0.0,3.8004,0.12,3.6804
model-1593993293,1593993368.909,0.04,3.7604,0.04,3.7604
model-1593993293,1593993369.091,0.1,3.7004,0.04,3.7604
model-1593993293,1593993369.316,0.04,3.7604,0.06,3.7404
model-1593993293,1593993369.541,0.08,3.7204,0.06,3.7404
model-1593993293,1593993369.71,0.04,3.7604,0.04,3.7604
model-1593993293,1593993369.843,0.08,3.7204,0.04,3.7604
model-1593993293,1593993369.977,0.04,3.7604,0.1,3.7004
model-1593993293,1593993370.112,0.04,3.7604,0.04,3.7604
model-1593993293,1593993370.244,0.02,3.7804,0.04,3.7604
model-1593993293,1593993370.379,0.02,3.7804,0.08,3.7204
model-1593993293,1593993370.512,0.0,3.8004,0.04,3.7604
model-1593993293,1593993370.642,0.1,3.7004,0.06,3.7404
model-1593993293,1593993370.775,0.06,3.7404,0.08,3.7204
model-1593993293,1593993370.907,0.04,3.7604,0.02,3.7804
model-1593993293,1593993371.039,0.08,3.7204,0.04,3.7604
model-1593993293,1593993371.171,0.02,3.7804,0.04,3.7604
model-1593993293,1593993371.308,0.02,3.7804,0.1,3.7004
model-1593993293,1593993371.444,0.06,3.7404,0.08,3.7204
model-1593993293,1593993371.578,0.02,3.7804,0.02,3.7804
model-1593993293,1593993371.709,0.02,3.7804,0.02,3.7804
model-1593993293,1593993371.841,0.02,3.7804,0.02,3.7804
model-1593993293,1593993371.974,0.08,3.7204,0.02,3.7804
model-1593993293,1593993372.104,0.08,3.7204,0.08,3.7204
model-1593993293,1593993372.237,0.08,3.7204,0.06,3.7404
model-1593993293,1593993372.371,0.06,3.7404,0.04,3.7604
model-1593993293,1593993372.503,0.04,3.7604,0.04,3.7604
model-1593993293,1593993372.636,0.06,3.7404,0.04,3.7604
model-1593993293,1593993372.77,0.06,3.7404,0.06,3.7404
model-1593993293,1593993372.901,0.04,3.7604,0.1,3.7004
model-1593993293,1593993373.034,0.02,3.7804,0.06,3.7404
model-1593993293,1593993373.165,0.0,3.8004,0.16,3.6404
model-1593993293,1593993373.298,0.04,3.7604,0.06,3.7404
model-1593993293,1593993373.432,0.0,3.8004,0.04,3.7604
model-1593993293,1593993373.564,0.02,3.7804,0.04,3.7604
model-1593993293,1593993373.7,0.0,3.8004,0.04,3.7604
model-1593993293,1593993373.835,0.02,3.7804,0.06,3.7404
model-1593993293,1593993373.97,0.02,3.7804,0.06,3.7404
model-1593993293,1593993374.101,0.1,3.7004,0.08,3.7204
model-1593993293,1593993374.235,0.06,3.7404,0.1,3.7004
model-1593993293,1593993374.365,0.04,3.7604,0.02,3.7804
model-1593993293,1593993374.5,0.06,3.7404,0.08,3.7204
model-1593993293,1593993374.632,0.02,3.7804,0.04,3.7604
model-1593993293,1593993374.765,0.1,3.7004,0.06,3.7404
model-1593993293,1593993374.899,0.06,3.7404,0.06,3.7404
model-1593993293,1593993375.035,0.02,3.7804,0.04,3.7604
model-1593993293,1593993375.166,0.04,3.7604,0.04,3.7604
model-1593993293,1593993375.302,0.04,3.7604,0.02,3.7804
model-1593993293,1593993375.437,0.1,3.7004,0.04,3.7604
model-1593993293,1593993375.574,0.06,3.7404,0.02,3.7804
model-1593993293,1593993375.707,0.02,3.7804,0.08,3.7204
model-1593993293,1593993375.838,0.06,3.7404,0.04,3.7604
model-1593993293,1593993375.969,0.06,3.7404,0.08,3.7204
model-1593993293,1593993376.099,0.08,3.7204,0.04,3.7604
model-1593993293,1593993376.234,0.08,3.7204,0.04,3.7604
model-1593993293,1593993376.364,0.06,3.7404,0.04,3.7604
model-1593993293,1593993376.498,0.1,3.7004,0.02,3.7804
model-1593993293,1593993376.63,0.04,3.7604,0.04,3.7604
model-1593993293,1593993376.762,0.06,3.7404,0.02,3.7804
model-1593993293,1593993376.892,0.08,3.7204,0.1,3.7004
model-1593993293,1593993377.025,0.02,3.7804,0.1,3.7004
model-1593993293,1593993377.156,0.0,3.8004,0.04,3.7604
model-1593993293,1593993377.285,0.0,3.8004,0.04,3.7604
model-1593993293,1593993377.417,0.02,3.7804,0.06,3.7404
model-1593993293,1593993377.55,0.04,3.7604,0.02,3.7804
model-1593993293,1593993377.682,0.06,3.7404,0.04,3.7604
model-1593993293,1593993377.817,0.04,3.7604,0.08,3.7204
model-1593993293,1593993377.949,0.06,3.7404,0.1,3.7004
model-1593993293,1593993378.08,0.04,3.7604,0.04,3.7604
model-1593993293,1593993378.212,0.04,3.7604,0.02,3.7804
model-1593993293,1593993378.343,0.04,3.7604,0.14,3.6604
model-1593993293,1593993378.474,0.08,3.7204,0.06,3.7404
model-1593993293,1593993378.603,0.08,3.7204,0.04,3.7604
model-1593993293,1593993378.734,0.02,3.7804,0.06,3.7404
model-1593993293,1593993378.866,0.06,3.7404,0.1,3.7004
model-1593993293,1593993378.999,0.04,3.7604,0.02,3.7804
model-1593993293,1593993379.133,0.02,3.7804,0.08,3.7204
model-1593993293,1593993379.265,0.08,3.7204,0.04,3.7604
model-1593993293,1593993379.397,0.02,3.7804,0.06,3.7404
model-1593993293,1593993379.529,0.06,3.7404,0.02,3.7804
model-1593993293,1593993379.661,0.08,3.7204,0.0,3.8004
model-1593993293,1593993379.793,0.04,3.7604,0.02,3.7804
model-1593993293,1593993379.923,0.06,3.7404,0.14,3.6604
model-1593993293,1593993380.053,0.12,3.6804,0.02,3.7804
model-1593993293,1593993380.185,0.04,3.7604,0.04,3.7604
model-1593993293,1593993380.317,0.0,3.8004,0.04,3.7604
model-1593993293,1593993380.447,0.06,3.7404,0.04,3.7604
model-1593993293,1593993380.581,0.04,3.7604,0.04,3.7604
model-1593993293,1593993380.713,0.0,3.8004,0.08,3.7204
model-1593993293,1593993380.845,0.08,3.7204,0.06,3.7404
model-1593993293,1593993380.977,0.06,3.7404,0.04,3.7604
model-1593993293,1593993381.107,0.04,3.7604,0.0,3.8004
model-1593993293,1593993381.239,0.14,3.6604,0.08,3.7204
model-1593993293,1593993381.372,0.06,3.7404,0.04,3.7604
model-1593993293,1593993381.505,0.12,3.6804,0.06,3.7404
model-1593993293,1593993381.637,0.04,3.7604,0.1,3.7004
model-1593993293,1593993381.767,0.0,3.8004,0.1,3.7004
model-1593993293,1593993381.9,0.12,3.6804,0.04,3.7604
model-1593993293,1593993382.034,0.02,3.7804,0.02,3.7804
model-1593993293,1593993382.164,0.2,3.6004,0.04,3.7604
model-1593993293,1593993382.295,0.02,3.7804,0.06,3.7404
model-1593993293,1593993382.43,0.04,3.7604,0.06,3.7404
model-1593993293,1593993382.562,0.04,3.7604,0.1,3.7004
model-1593993293,1593993382.693,0.06,3.7404,0.04,3.7604
model-1593993293,1593993382.827,0.02,3.7804,0.06,3.7404
model-1593993293,1593993382.962,0.08,3.7204,0.02,3.7804
model-1593993293,1593993383.094,0.04,3.7604,0.06,3.7404
model-1593993293,1593993383.226,0.08,3.7204,0.08,3.7204
model-1593993293,1593993383.359,0.02,3.7804,0.04,3.7604
model-1593993293,1593993383.491,0.04,3.7604,0.06,3.7404
model-1593993293,1593993383.62,0.04,3.7604,0.02,3.7804
model-1593993293,1593993383.754,0.12,3.6804,0.1,3.7004
model-1593993293,1593993383.886,0.08,3.7204,0.04,3.7604
model-1593993293,1593993384.018,0.0,3.8004,0.04,3.7604
model-1593993293,1593993384.149,0.04,3.7604,0.02,3.7804
model-1593993293,1593993384.281,0.08,3.7204,0.02,3.7804
model-1593993293,1593993384.415,0.04,3.7604,0.06,3.7404
model-1593993293,1593993384.548,0.06,3.7404,0.08,3.7204
model-1593993293,1593993384.68,0.08,3.7204,0.08,3.7204
model-1593993293,1593993384.812,0.06,3.7404,0.0,3.8004
model-1593993293,1593993384.944,0.08,3.7204,0.14,3.6604
model-1593993293,1593993385.076,0.1,3.7004,0.04,3.7604
model-1593993293,1593993385.205,0.04,3.7604,0.14,3.6604
model-1593993293,1593993385.337,0.04,3.7604,0.04,3.7604
model-1593993293,1593993385.469,0.08,3.7204,0.06,3.7404
model-1593993293,1593993385.602,0.1,3.7004,0.04,3.7604
model-1593993293,1593993385.737,0.04,3.7604,0.06,3.7404
model-1593993293,1593993385.867,0.04,3.7604,0.04,3.7604
model-1593993293,1593993385.998,0.08,3.7204,0.06,3.7404
model-1593993293,1593993386.13,0.06,3.7404,0.06,3.7404
model-1593993293,1593993386.263,0.04,3.7604,0.04,3.7604
model-1593993293,1593993386.394,0.0,3.8004,0.02,3.7804
model-1593993293,1593993386.525,0.04,3.7604,0.02,3.7804
model-1593993293,1593993386.656,0.1,3.7004,0.04,3.7604
model-1593993293,1593993386.788,0.04,3.7604,0.08,3.7204
model-1593993293,1593993386.92,0.04,3.7604,0.04,3.7604
model-1593993293,1593993387.049,0.02,3.7804,0.06,3.7404
model-1593993293,1593993387.183,0.1,3.7004,0.04,3.7604
model-1593993293,1593993387.317,0.08,3.7204,0.04,3.7604
model-1593993293,1593993387.452,0.04,3.7604,0.0,3.8004
model-1593993293,1593993387.584,0.04,3.7604,0.08,3.7204
model-1593993293,1593993387.715,0.06,3.7404,0.16,3.6404
model-1593993293,1593993387.848,0.02,3.7804,0.06,3.7404
model-1593993293,1593993387.98,0.06,3.7404,0.06,3.7404
model-1593993293,1593993388.112,0.14,3.6604,0.06,3.7404
model-1593993293,1593993388.247,0.02,3.7804,0.1,3.7004
model-1593993293,1593993388.379,0.08,3.7204,0.02,3.7804
model-1593993293,1593993388.509,0.0,3.8004,0.04,3.7604
model-1593993293,1593993388.641,0.04,3.7604,0.04,3.7604
model-1593993293,1593993388.757,0.0,3.8004,0.02,3.7804
model-1593993293,1593993388.93,0.1,3.7004,0.04,3.7604
model-1593993293,1593993389.063,0.08,3.7204,0.06,3.7404
model-1593993293,1593993389.197,0.06,3.7404,0.06,3.7404
model-1593993293,1593993389.327,0.06,3.7404,0.04,3.7604
model-1593993293,1593993389.463,0.06,3.7404,0.02,3.7804
model-1593993293,1593993389.596,0.08,3.7204,0.04,3.7604
model-1593993293,1593993389.739,0.04,3.7604,0.02,3.7804
model-1593993293,1593993389.871,0.06,3.7404,0.08,3.7204
model-1593993293,1593993390.002,0.04,3.7604,0.02,3.7804
model-1593993293,1593993390.135,0.08,3.7204,0.06,3.7404
model-1593993293,1593993390.266,0.0,3.8004,0.08,3.7204
model-1593993293,1593993390.398,0.02,3.7804,0.02,3.7804
model-1593993293,1593993390.535,0.06,3.7404,0.08,3.7204
model-1593993293,1593993390.665,0.02,3.7804,0.04,3.7604
model-1593993293,1593993390.8,0.1,3.7004,0.06,3.7404
model-1593993293,1593993390.934,0.06,3.7404,0.0,3.8004
model-1593993293,1593993391.068,0.04,3.7604,0.06,3.7404
model-1593993293,1593993391.196,0.08,3.7204,0.06,3.7404
model-1593993293,1593993391.328,0.04,3.7604,0.06,3.7404
model-1593993293,1593993391.462,0.04,3.7604,0.04,3.7604
model-1593993293,1593993391.594,0.1,3.7004,0.06,3.7404
model-1593993293,1593993391.727,0.12,3.6804,0.02,3.7804
model-1593993293,1593993391.857,0.12,3.6804,0.02,3.7804
model-1593993293,1593993391.99,0.04,3.7604,0.04,3.7604
model-1593993293,1593993392.119,0.04,3.7604,0.06,3.7404
model-1593993293,1593993392.249,0.1,3.7004,0.02,3.7804
model-1593993293,1593993392.381,0.08,3.7204,0.06,3.7404
model-1593993293,1593993392.512,0.08,3.7204,0.02,3.7804
model-1593993293,1593993392.644,0.08,3.7204,0.06,3.7404
model-1593993293,1593993392.776,0.04,3.7604,0.0,3.8004
model-1593993293,1593993392.909,0.06,3.7404,0.04,3.7604
model-1593993293,1593993393.04,0.02,3.7804,0.06,3.7404
model-1593993293,1593993393.172,0.06,3.7404,0.06,3.7404
model-1593993293,1593993393.302,0.08,3.7204,0.08,3.7204
model-1593993293,1593993393.434,0.04,3.7604,0.04,3.7604
model-1593993293,1593993393.566,0.04,3.7604,0.04,3.7604
model-1593993293,1593993393.704,0.02,3.7804,0.0,3.8004
model-1593993293,1593993393.838,0.02,3.7804,0.04,3.7604
model-1593993293,1593993393.97,0.04,3.7604,0.04,3.7604
model-1593993293,1593993394.102,0.1,3.7004,0.04,3.7604
model-1593993293,1593993394.233,0.0,3.8004,0.06,3.7404
model-1593993293,1593993394.367,0.16,3.6404,0.04,3.7604
model-1593993293,1593993394.498,0.1,3.7004,0.06,3.7404
model-1593993293,1593993394.632,0.02,3.7804,0.04,3.7604
model-1593993293,1593993394.766,0.06,3.7404,0.06,3.7404
model-1593993293,1593993394.901,0.0,3.8004,0.02,3.7804
model-1593993293,1593993395.032,0.02,3.7804,0.04,3.7604
model-1593993293,1593993395.163,0.04,3.7604,0.04,3.7604
model-1593993293,1593993395.294,0.08,3.7204,0.0,3.8004
model-1593993293,1593993395.426,0.06,3.7404,0.08,3.7204
model-1593993293,1593993395.559,0.02,3.7804,0.16,3.6404
model-1593993293,1593993395.69,0.1,3.7004,0.06,3.7404
model-1593993293,1593993395.821,0.06,3.7404,0.08,3.7204
model-1593993293,1593993395.953,0.02,3.7804,0.04,3.7604
model-1593993293,1593993396.086,0.06,3.7404,0.04,3.7604
model-1593993293,1593993396.22,0.02,3.7804,0.16,3.6404
model-1593993293,1593993396.352,0.02,3.7804,0.04,3.7604
model-1593993293,1593993396.482,0.0,3.8004,0.06,3.7404
model-1593993293,1593993396.617,0.08,3.7204,0.02,3.7804
model-1593993293,1593993396.75,0.08,3.7204,0.14,3.6604
model-1593993293,1593993396.882,0.06,3.7404,0.08,3.7204
model-1593993293,1593993397.017,0.06,3.7404,0.04,3.7604
model-1593993293,1593993397.151,0.14,3.6604,0.02,3.7804
model-1593993293,1593993397.283,0.06,3.7404,0.0,3.8004
model-1593993293,1593993397.417,0.02,3.7804,0.04,3.7604
model-1593993293,1593993397.546,0.08,3.7204,0.02,3.7804
model-1593993293,1593993397.679,0.04,3.7604,0.0,3.8004
model-1593993293,1593993397.813,0.02,3.7804,0.0,3.8004
model-1593993293,1593993397.945,0.02,3.7804,0.08,3.7204
model-1593993293,1593993398.079,0.06,3.7404,0.04,3.7604
model-1593993293,1593993398.211,0.04,3.7604,0.02,3.7804
model-1593993293,1593993398.342,0.08,3.7204,0.06,3.7404
model-1593993293,1593993398.474,0.02,3.7804,0.08,3.7204
model-1593993293,1593993398.605,0.12,3.6804,0.02,3.7804
model-1593993293,1593993398.739,0.08,3.7204,0.1,3.7004
model-1593993293,1593993398.873,0.08,3.7204,0.04,3.7604
model-1593993293,1593993399.005,0.06,3.7404,0.08,3.7204
model-1593993293,1593993399.136,0.06,3.7404,0.06,3.7404
model-1593993293,1593993399.267,0.02,3.7804,0.1,3.7004
model-1593993293,1593993399.4,0.06,3.7404,0.1,3.7004
model-1593993293,1593993399.539,0.08,3.7204,0.04,3.7604
model-1593993293,1593993399.684,0.04,3.7604,0.06,3.7404
model-1593993293,1593993399.823,0.02,3.7804,0.06,3.7404
model-1593993293,1593993399.963,0.1,3.7004,0.08,3.7204
model-1593993293,1593993400.103,0.02,3.7804,0.04,3.7604
model-1593993293,1593993400.24,0.06,3.7404,0.04,3.7604
model-1593993293,1593993400.374,0.06,3.7404,0.1,3.7004
model-1593993293,1593993400.507,0.06,3.7404,0.12,3.6804
model-1593993293,1593993400.643,0.06,3.7404,0.04,3.7604
model-1593993293,1593993400.801,0.04,3.7604,0.04,3.7604
model-1593993293,1593993400.94,0.02,3.7804,0.08,3.7204
model-1593993293,1593993401.081,0.02,3.7804,0.02,3.7804
model-1593993293,1593993401.222,0.04,3.7604,0.04,3.7604
model-1593993293,1593993401.358,0.08,3.7204,0.06,3.7404
model-1593993293,1593993401.493,0.02,3.7804,0.04,3.7604
model-1593993293,1593993401.626,0.02,3.7804,0.08,3.7204
model-1593993293,1593993401.76,0.04,3.7604,0.0,3.8004
model-1593993293,1593993401.893,0.0,3.8004,0.02,3.7804
model-1593993293,1593993402.026,0.0,3.8004,0.12,3.6804
model-1593993293,1593993402.158,0.08,3.7204,0.06,3.7404
model-1593993293,1593993402.289,0.04,3.7604,0.04,3.7604
model-1593993293,1593993402.421,0.06,3.7404,0.04,3.7604
model-1593993293,1593993402.556,0.1,3.7004,0.08,3.7204
model-1593993293,1593993402.688,0.04,3.7604,0.02,3.7804
model-1593993293,1593993402.821,0.04,3.7604,0.04,3.7604
model-1593993293,1593993402.958,0.08,3.7204,0.04,3.7604
model-1593993293,1593993403.098,0.12,3.6804,0.04,3.7604
model-1593993293,1593993403.242,0.02,3.7804,0.04,3.7604
model-1593993293,1593993403.382,0.04,3.7604,0.02,3.7804
model-1593993293,1593993403.516,0.04,3.7604,0.06,3.7404
model-1593993293,1593993403.652,0.04,3.7604,0.04,3.7604
model-1593993293,1593993403.788,0.08,3.7204,0.04,3.7604
model-1593993293,1593993403.922,0.06,3.7404,0.1,3.7004
model-1593993293,1593993404.056,0.04,3.7604,0.08,3.7204
model-1593993293,1593993404.188,0.04,3.7604,0.06,3.7404
model-1593993293,1593993404.32,0.06,3.7404,0.12,3.6804
model-1593993293,1593993404.451,0.1,3.7004,0.04,3.7604
model-1593993293,1593993404.587,0.1,3.7004,0.02,3.7804
model-1593993293,1593993404.721,0.04,3.7604,0.08,3.7204
model-1593993293,1593993404.854,0.06,3.7404,0.06,3.7404
model-1593993293,1593993404.987,0.06,3.7404,0.04,3.7604
model-1593993293,1593993405.121,0.02,3.7804,0.04,3.7604
model-1593993293,1593993405.256,0.06,3.7404,0.02,3.7804
model-1593993293,1593993405.389,0.06,3.7404,0.02,3.7804
model-1593993293,1593993405.521,0.08,3.7204,0.04,3.7604
model-1593993293,1593993405.655,0.0,3.8004,0.04,3.7604
model-1593993293,1593993405.785,0.1,3.7004,0.08,3.7204
model-1593993293,1593993405.916,0.04,3.7604,0.02,3.7804
model-1593993293,1593993406.046,0.04,3.7604,0.08,3.7204
model-1593993293,1593993406.178,0.12,3.6804,0.06,3.7404
model-1593993293,1593993406.31,0.02,3.7804,0.02,3.7804
model-1593993293,1593993406.443,0.06,3.7404,0.04,3.7604
model-1593993293,1593993406.576,0.04,3.7604,0.04,3.7604
model-1593993293,1593993406.709,0.04,3.7604,0.02,3.7804
model-1593993293,1593993406.84,0.04,3.7604,0.08,3.7204
model-1593993293,1593993406.972,0.02,3.7804,0.04,3.7604
model-1593993293,1593993407.105,0.1,3.7004,0.04,3.7604
model-1593993293,1593993407.237,0.04,3.7604,0.04,3.7604
model-1593993293,1593993407.371,0.08,3.7204,0.1,3.7004
model-1593993293,1593993407.505,0.06,3.7404,0.06,3.7404
model-1593993293,1593993407.634,0.04,3.7604,0.1,3.7004
model-1593993293,1593993407.767,0.02,3.7804,0.06,3.7404
model-1593993293,1593993407.902,0.04,3.7604,0.04,3.7604
model-1593993293,1593993408.033,0.0,3.8004,0.06,3.7404
model-1593993293,1593993408.168,0.04,3.7604,0.1,3.7004
model-1593993293,1593993408.302,0.02,3.7804,0.12,3.6804
model-1593993293,1593993408.433,0.02,3.7804,0.04,3.7604
model-1593993293,1593993408.565,0.04,3.7604,0.02,3.7804
model-1593993293,1593993408.696,0.02,3.7804,0.04,3.7604
model-1593993293,1593993408.829,0.06,3.7404,0.08,3.7204
model-1593993293,1593993408.964,0.06,3.7404,0.02,3.7804
model-1593993293,1593993409.099,0.12,3.6804,0.04,3.7604
model-1593993293,1593993409.23,0.08,3.7204,0.02,3.7804
model-1593993293,1593993409.362,0.1,3.7004,0.1,3.7004
model-1593993293,1593993409.495,0.06,3.7404,0.06,3.7404
model-1593993293,1593993409.628,0.06,3.7404,0.1,3.7004
model-1593993293,1593993409.76,0.0,3.8004,0.04,3.7604
model-1593993293,1593993409.893,0.1,3.7004,0.02,3.7804
model-1593993293,1593993410.029,0.0,3.8004,0.1,3.7004
model-1593993293,1593993410.159,0.08,3.7204,0.02,3.7804
model-1593993293,1593993410.29,0.02,3.7804,0.02,3.7804
model-1593993293,1593993410.422,0.04,3.7604,0.04,3.7604
model-1593993293,1593993410.553,0.04,3.7604,0.04,3.7604
model-1593993293,1593993410.686,0.04,3.7604,0.02,3.7804
model-1593993293,1593993410.817,0.04,3.7604,0.06,3.7404
model-1593993293,1593993410.951,0.06,3.7404,0.04,3.7604
model-1593993293,1593993411.086,0.0,3.8004,0.04,3.7604
model-1593993293,1593993411.215,0.06,3.7404,0.12,3.6804
model-1593993293,1593993411.345,0.08,3.7204,0.08,3.7204
model-1593993293,1593993411.479,0.02,3.7804,0.08,3.7204
model-1593993293,1593993411.612,0.02,3.7804,0.02,3.7804
model-1593993293,1593993411.743,0.06,3.7404,0.1,3.7004
model-1593993293,1593993411.876,0.04,3.7604,0.1,3.7004
model-1593993293,1593993412.009,0.06,3.7404,0.02,3.7804
model-1593993293,1593993412.142,0.06,3.7404,0.0,3.8004
model-1593993293,1593993412.28,0.0,3.8004,0.06,3.7404
model-1593993293,1593993412.416,0.04,3.7604,0.06,3.7404
model-1593993293,1593993412.548,0.0,3.8004,0.02,3.7804
model-1593993293,1593993412.679,0.04,3.7604,0.04,3.7604
model-1593993293,1593993412.812,0.0,3.8004,0.04,3.7604
model-1593993293,1593993412.944,0.04,3.7604,0.04,3.7604
model-1593993293,1593993413.078,0.02,3.7804,0.14,3.6604
model-1593993293,1593993413.208,0.1,3.7004,0.04,3.7604
model-1593993293,1593993413.341,0.0,3.8004,0.04,3.7604
model-1593993293,1593993413.474,0.06,3.7404,0.12,3.6804
model-1593993293,1593993413.607,0.02,3.7804,0.04,3.7604
model-1593993293,1593993413.746,0.06,3.7404,0.02,3.7804
model-1593993293,1593993413.943,0.0,3.8004,0.1,3.7004
model-1593993293,1593993414.088,0.02,3.7804,0.12,3.6804
model-1593993293,1593993414.223,0.04,3.7604,0.02,3.7804
model-1593993293,1593993414.357,0.08,3.7204,0.08,3.7204
model-1593993293,1593993414.494,0.12,3.6804,0.06,3.7404
model-1593993293,1593993414.63,0.06,3.7404,0.04,3.7604
model-1593993293,1593993414.766,0.06,3.7404,0.06,3.7404
model-1593993293,1593993414.902,0.08,3.7204,0.04,3.7604
model-1593993293,1593993415.041,0.04,3.7604,0.1,3.7004
model-1593993293,1593993415.179,0.06,3.7404,0.1,3.7004
model-1593993293,1593993415.317,0.06,3.7404,0.06,3.7404
model-1593993293,1593993415.448,0.02,3.7804,0.06,3.7404
model-1593993293,1593993415.581,0.02,3.7804,0.1,3.7004
model-1593993293,1593993415.716,0.04,3.7604,0.04,3.7604
model-1593993293,1593993415.85,0.06,3.7404,0.08,3.7204
model-1593993293,1593993415.986,0.02,3.7804,0.02,3.7804
model-1593993293,1593993416.12,0.08,3.7204,0.04,3.7604
model-1593993293,1593993416.252,0.06,3.7404,0.0,3.8004
model-1593993293,1593993416.387,0.04,3.7604,0.02,3.7804
model-1593993293,1593993416.517,0.06,3.7404,0.04,3.7604
model-1593993293,1593993416.647,0.06,3.7404,0.02,3.7804
model-1593993293,1593993416.78,0.08,3.7204,0.04,3.7604
model-1593993293,1593993416.912,0.04,3.7604,0.06,3.7404
model-1593993293,1593993417.043,0.08,3.7204,0.04,3.7604
model-1593993293,1593993417.175,0.04,3.7604,0.08,3.7204
model-1593993293,1593993417.308,0.04,3.7604,0.04,3.7604
model-1593993293,1593993417.443,0.02,3.7804,0.08,3.7204
model-1593993293,1593993417.574,0.02,3.7804,0.08,3.7204
model-1593993293,1593993417.706,0.04,3.7604,0.06,3.7404
model-1593993293,1593993417.845,0.02,3.7804,0.04,3.7604
model-1593993293,1593993417.98,0.04,3.7604,0.06,3.7404
model-1593993293,1593993418.11,0.04,3.7604,0.16,3.6404
model-1593993293,1593993418.243,0.04,3.7604,0.06,3.7404
model-1593993293,1593993418.376,0.12,3.6804,0.04,3.7604
model-1593993293,1593993418.509,0.06,3.7404,0.02,3.7804
model-1593993293,1593993418.642,0.14,3.6604,0.02,3.7804
model-1593993293,1593993418.774,0.06,3.7404,0.0,3.8004
model-1593993293,1593993418.908,0.1,3.7004,0.08,3.7204
model-1593993293,1593993419.04,0.02,3.7804,0.04,3.7604
model-1593993293,1593993419.173,0.06,3.7404,0.06,3.7404
model-1593993293,1593993419.309,0.08,3.7204,0.08,3.7204
model-1593993293,1593993419.439,0.02,3.7804,0.02,3.7804
model-1593993293,1593993419.572,0.06,3.7404,0.04,3.7604
model-1593993293,1593993419.709,0.04,3.7604,0.06,3.7404
model-1593993293,1593993419.844,0.04,3.7604,0.04,3.7604
model-1593993293,1593993419.975,0.08,3.7204,0.04,3.7604
model-1593993293,1593993420.109,0.02,3.7804,0.08,3.7204
model-1593993293,1593993420.239,0.06,3.7404,0.02,3.7804
model-1593993293,1593993420.372,0.04,3.7604,0.04,3.7604
model-1593993293,1593993420.505,0.06,3.7404,0.04,3.7604
model-1593993293,1593993420.636,0.08,3.7204,0.1,3.7004
model-1593993293,1593993420.781,0.0,3.8004,0.04,3.7604
model-1593993293,1593993420.913,0.02,3.7804,0.06,3.7404
model-1593993293,1593993421.042,0.02,3.7804,0.06,3.7404
model-1593993293,1593993421.175,0.08,3.7204,0.06,3.7404
model-1593993293,1593993421.308,0.02,3.7804,0.08,3.7204
model-1593993293,1593993421.439,0.04,3.7604,0.06,3.7404
model-1593993293,1593993421.574,0.0,3.8004,0.08,3.7204
model-1593993293,1593993421.712,0.04,3.7604,0.02,3.7804
model-1593993293,1593993421.849,0.04,3.7604,0.04,3.7604
model-1593993293,1593993421.983,0.0,3.8004,0.02,3.7804
model-1593993293,1593993422.123,0.04,3.7604,0.04,3.7604
model-1593993293,1593993422.256,0.0,3.8004,0.0,3.8004
model-1593993293,1593993422.407,0.06,3.7404,0.02,3.7804
model-1593993293,1593993422.551,0.0,3.8004,0.02,3.7804
model-1593993293,1593993422.688,0.08,3.7204,0.06,3.7404
model-1593993293,1593993422.821,0.0,3.8004,0.08,3.7204
model-1593993293,1593993422.954,0.04,3.7604,0.02,3.7804
model-1593993293,1593993423.088,0.02,3.7804,0.0,3.8004
model-1593993293,1593993423.234,0.08,3.7204,0.04,3.7604
model-1593993293,1593993423.372,0.02,3.7804,0.06,3.7404
model-1593993293,1593993423.507,0.04,3.7604,0.08,3.7204
model-1593993293,1593993423.639,0.1,3.7004,0.06,3.7404
model-1593993293,1593993423.769,0.04,3.7604,0.14,3.6604
model-1593993293,1593993423.901,0.08,3.7204,0.1,3.7004
model-1593993293,1593993424.036,0.06,3.7404,0.04,3.7604
model-1593993293,1593993424.168,0.06,3.7404,0.02,3.7804
model-1593993293,1593993424.3,0.04,3.7604,0.02,3.7804
model-1593993293,1593993424.431,0.02,3.7804,0.04,3.7604
model-1593993293,1593993424.562,0.06,3.7404,0.06,3.7404
model-1593993293,1593993424.692,0.02,3.7804,0.04,3.7604
model-1593993293,1593993424.823,0.02,3.7804,0.06,3.7404
model-1593993293,1593993424.955,0.1,3.7004,0.06,3.7404
model-1593993293,1593993425.088,0.06,3.7404,0.02,3.7804
model-1593993293,1593993425.219,0.04,3.7604,0.02,3.7804
model-1593993293,1593993425.35,0.02,3.7804,0.04,3.7604
model-1593993293,1593993425.483,0.06,3.7404,0.04,3.7604
model-1593993293,1593993425.613,0.04,3.7604,0.06,3.7404
model-1593993293,1593993425.744,0.08,3.7204,0.1,3.7004
model-1593993293,1593993425.877,0.04,3.7604,0.02,3.7804
model-1593993293,1593993426.006,0.08,3.7204,0.04,3.7604
model-1593993293,1593993426.14,0.1,3.7004,0.06,3.7404
model-1593993293,1593993426.273,0.08,3.7204,0.1,3.7004
model-1593993293,1593993426.406,0.06,3.7404,0.06,3.7404
model-1593993293,1593993426.536,0.1,3.7004,0.06,3.7404
model-1593993293,1593993426.665,0.1,3.7004,0.04,3.7604
model-1593993293,1593993426.797,0.06,3.7404,0.1,3.7004
model-1593993293,1593993426.929,0.02,3.7804,0.1,3.7004
model-1593993293,1593993427.061,0.1,3.7004,0.08,3.7204
model-1593993293,1593993427.194,0.08,3.7204,0.04,3.7604
model-1593993293,1593993427.326,0.1,3.7004,0.02,3.7804
model-1593993293,1593993427.456,0.1,3.7004,0.02,3.7804
model-1593993293,1593993427.587,0.14,3.6604,0.04,3.7604
model-1593993293,1593993427.72,0.06,3.7404,0.04,3.7604
model-1593993293,1593993427.851,0.04,3.7604,0.1,3.7004
model-1593993293,1593993427.982,0.1,3.7004,0.02,3.7804
model-1593993293,1593993428.113,0.04,3.7604,0.02,3.7804
model-1593993293,1593993428.242,0.06,3.7404,0.04,3.7604
model-1593993293,1593993428.375,0.02,3.7804,0.02,3.7804
model-1593993293,1593993428.508,0.04,3.7604,0.1,3.7004
model-1593993293,1593993428.641,0.1,3.7004,0.08,3.7204
model-1593993293,1593993428.781,0.04,3.7604,0.06,3.7404
model-1593993293,1593993428.918,0.04,3.7604,0.08,3.7204
model-1593993293,1593993429.053,0.08,3.7204,0.04,3.7604
model-1593993293,1593993429.19,0.04,3.7604,0.08,3.7204
model-1593993293,1593993429.334,0.06,3.7404,0.02,3.7804
model-1593993293,1593993429.467,0.06,3.7404,0.02,3.7804
model-1593993293,1593993429.601,0.12,3.6804,0.04,3.7604
model-1593993293,1593993429.732,0.0,3.8004,0.0,3.8004
model-1593993293,1593993429.87,0.02,3.7804,0.0,3.8004
model-1593993293,1593993430.009,0.04,3.7604,0.06,3.7404
model-1593993293,1593993430.142,0.06,3.7404,0.04,3.7604
model-1593993293,1593993430.275,0.08,3.7204,0.0,3.8004
model-1593993293,1593993430.409,0.04,3.7604,0.04,3.7604
model-1593993293,1593993430.54,0.1,3.7004,0.02,3.7804
model-1593993293,1593993430.67,0.06,3.7404,0.02,3.7804
model-1593993293,1593993430.803,0.04,3.7604,0.04,3.7604
model-1593993293,1593993430.935,0.06,3.7404,0.04,3.7604
model-1593993293,1593993431.066,0.06,3.7404,0.06,3.7404
model-1593993293,1593993431.198,0.02,3.7804,0.08,3.7204
model-1593993293,1593993431.328,0.08,3.7204,0.0,3.8004
model-1593993293,1593993431.459,0.08,3.7204,0.04,3.7604
model-1593993293,1593993431.593,0.06,3.7404,0.0,3.8004
model-1593993293,1593993431.724,0.02,3.7804,0.04,3.7604
model-1593993293,1593993431.857,0.1,3.7004,0.04,3.7604
model-1593993293,1593993431.988,0.04,3.7604,0.02,3.7804
model-1593993293,1593993432.119,0.02,3.7804,0.0,3.8004
model-1593993293,1593993432.249,0.0,3.8004,0.06,3.7404
model-1593993293,1593993432.381,0.04,3.7604,0.04,3.7604
model-1593993293,1593993432.513,0.06,3.7404,0.1,3.7004
model-1593993293,1593993432.643,0.02,3.7804,0.06,3.7404
model-1593993293,1593993432.774,0.02,3.7804,0.08,3.7204
model-1593993293,1593993432.905,0.04,3.7604,0.04,3.7604
model-1593993293,1593993433.037,0.06,3.7404,0.06,3.7404
model-1593993293,1593993433.171,0.04,3.7604,0.02,3.7804
model-1593993293,1593993433.303,0.08,3.7204,0.04,3.7604
model-1593993293,1593993433.436,0.1,3.7004,0.06,3.7404
model-1593993293,1593993433.574,0.06,3.7404,0.0,3.8004
model-1593993293,1593993433.712,0.0,3.8004,0.04,3.7604
model-1593993293,1593993433.844,0.08,3.7204,0.04,3.7604
model-1593993293,1593993433.977,0.04,3.7604,0.1,3.7004
model-1593993293,1593993434.109,0.04,3.7604,0.0,3.8004
model-1593993293,1593993434.238,0.12,3.6804,0.06,3.7404
model-1593993293,1593993434.371,0.08,3.7204,0.0,3.8004
model-1593993293,1593993434.503,0.06,3.7404,0.08,3.7204
model-1593993293,1593993434.634,0.06,3.7404,0.02,3.7804
model-1593993293,1593993434.766,0.02,3.7804,0.06,3.7404
model-1593993293,1593993434.896,0.1,3.7004,0.1,3.7004
model-1593993293,1593993435.029,0.02,3.7804,0.04,3.7604
model-1593993293,1593993435.161,0.04,3.7604,0.04,3.7604
model-1593993293,1593993435.293,0.04,3.7604,0.02,3.7804
model-1593993293,1593993435.425,0.02,3.7804,0.0,3.8004
model-1593993293,1593993435.557,0.02,3.7804,0.02,3.7804
model-1593993293,1593993435.69,0.08,3.7204,0.02,3.7804
model-1593993293,1593993435.822,0.02,3.7804,0.02,3.7804
model-1593993293,1593993435.954,0.04,3.7604,0.08,3.7204
model-1593993293,1593993436.086,0.04,3.7604,0.06,3.7404
model-1593993293,1593993436.217,0.04,3.7604,0.04,3.7604
model-1593993293,1593993436.348,0.02,3.7804,0.04,3.7604
model-1593993293,1593993436.479,0.04,3.7604,0.08,3.7204
model-1593993293,1593993436.609,0.04,3.7604,0.02,3.7804
model-1593993293,1593993436.738,0.04,3.7604,0.0,3.8004
model-1593993293,1593993436.869,0.02,3.7804,0.14,3.6604
model-1593993293,1593993437.001,0.0,3.8004,0.02,3.7804
model-1593993293,1593993437.131,0.08,3.7204,0.1,3.7004
model-1593993293,1593993437.263,0.08,3.7204,0.04,3.7604
model-1593993293,1593993437.395,0.02,3.7804,0.06,3.7404
model-1593993293,1593993437.525,0.02,3.7804,0.02,3.7804
model-1593993293,1593993437.656,0.04,3.7604,0.06,3.7404
model-1593993293,1593993437.788,0.02,3.7804,0.0,3.8004
model-1593993293,1593993437.92,0.1,3.7004,0.06,3.7404
model-1593993293,1593993438.054,0.06,3.7404,0.02,3.7804
model-1593993293,1593993438.187,0.08,3.7204,0.04,3.7604
model-1593993293,1593993438.318,0.06,3.7404,0.04,3.7604
model-1593993293,1593993438.452,0.06,3.7404,0.06,3.7404
model-1593993293,1593993438.584,0.08,3.7204,0.02,3.7804
model-1593993293,1593993438.716,0.04,3.7604,0.04,3.7604
model-1593993293,1593993438.847,0.02,3.7804,0.08,3.7204
model-1593993293,1593993438.978,0.08,3.7204,0.0,3.8004
model-1593993293,1593993439.109,0.04,3.7604,0.02,3.7804
model-1593993293,1593993439.24,0.1,3.7004,0.04,3.7604
model-1593993293,1593993439.37,0.1,3.7004,0.06,3.7404
model-1593993293,1593993439.502,0.04,3.7604,0.04,3.7604
model-1593993293,1593993439.635,0.08,3.7204,0.08,3.7204
model-1593993293,1593993439.767,0.06,3.7404,0.06,3.7404
model-1593993293,1593993439.903,0.04,3.7604,0.04,3.7604
model-1593993293,1593993440.035,0.08,3.7204,0.08,3.7204
model-1593993293,1593993440.166,0.02,3.7804,0.04,3.7604
model-1593993293,1593993440.296,0.0,3.8004,0.02,3.7804
model-1593993293,1593993440.426,0.04,3.7604,0.04,3.7604
model-1593993293,1593993440.557,0.02,3.7804,0.08,3.7204
model-1593993293,1593993440.69,0.02,3.7804,0.06,3.7404
model-1593993293,1593993440.824,0.04,3.7604,0.04,3.7604
model-1593993293,1593993440.955,0.06,3.7404,0.04,3.7604
model-1593993293,1593993441.085,0.04,3.7604,0.04,3.7604
model-1593993293,1593993441.219,0.0,3.8004,0.04,3.7604
model-1593993293,1593993441.35,0.06,3.7404,0.06,3.7404
model-1593993293,1593993441.485,0.06,3.7404,0.08,3.7204
model-1593993293,1593993441.618,0.02,3.7804,0.1,3.7004
model-1593993293,1593993441.751,0.08,3.7204,0.02,3.7804
model-1593993293,1593993441.885,0.06,3.7404,0.16,3.6404
model-1593993293,1593993442.016,0.02,3.7804,0.06,3.7404
model-1593993293,1593993442.148,0.04,3.7604,0.02,3.7804
model-1593993293,1593993442.279,0.12,3.6804,0.02,3.7804
model-1593993293,1593993442.414,0.02,3.7804,0.06,3.7404
model-1593993293,1593993442.548,0.02,3.7804,0.02,3.7804
model-1593993293,1593993442.682,0.04,3.7604,0.02,3.7804
model-1593993293,1593993442.814,0.06,3.7404,0.04,3.7604
model-1593993293,1593993442.946,0.04,3.7604,0.02,3.7804
model-1593993293,1593993443.077,0.06,3.7404,0.04,3.7604
model-1593993293,1593993443.21,0.02,3.7804,0.1,3.7004
model-1593993293,1593993443.343,0.1,3.7004,0.06,3.7404
model-1593993293,1593993443.475,0.08,3.7204,0.06,3.7404
model-1593993293,1593993443.606,0.04,3.7604,0.06,3.7404
model-1593993293,1593993443.737,0.02,3.7804,0.04,3.7604
model-1593993293,1593993443.868,0.04,3.7604,0.02,3.7804
model-1593993293,1593993444.002,0.08,3.7204,0.08,3.7204
model-1593993293,1593993444.135,0.04,3.7604,0.06,3.7404
model-1593993293,1593993444.266,0.06,3.7404,0.02,3.7804
model-1593993293,1593993444.4,0.08,3.7204,0.06,3.7404
model-1593993293,1593993444.534,0.04,3.7604,0.04,3.7604
model-1593993293,1593993444.666,0.02,3.7804,0.08,3.7204
model-1593993293,1593993444.799,0.08,3.7204,0.08,3.7204
model-1593993293,1593993444.932,0.04,3.7604,0.04,3.7604
model-1593993293,1593993445.064,0.08,3.7204,0.08,3.7204
model-1593993293,1593993445.194,0.04,3.7604,0.08,3.7204
model-1593993293,1593993445.325,0.08,3.7204,0.04,3.7604
model-1593993293,1593993445.458,0.04,3.7604,0.04,3.7604
model-1593993293,1593993445.589,0.06,3.7404,0.02,3.7804
model-1593993293,1593993445.721,0.04,3.7604,0.0,3.8004
model-1593993293,1593993445.853,0.02,3.7804,0.04,3.7604
model-1593993293,1593993445.984,0.02,3.7804,0.02,3.7804
model-1593993293,1593993446.115,0.02,3.7804,0.02,3.7804
model-1593993293,1593993446.246,0.04,3.7604,0.1,3.7004
model-1593993293,1593993446.377,0.06,3.7404,0.06,3.7404
model-1593993293,1593993446.508,0.06,3.7404,0.04,3.7604
model-1593993293,1593993446.638,0.02,3.7804,0.04,3.7604
model-1593993293,1593993446.771,0.04,3.7604,0.08,3.7204
model-1593993293,1593993446.904,0.06,3.7404,0.08,3.7204
model-1593993293,1593993447.039,0.12,3.6804,0.04,3.7604
model-1593993293,1593993447.173,0.04,3.7604,0.14,3.6604
model-1593993293,1593993447.304,0.04,3.7604,0.08,3.7204
model-1593993293,1593993447.436,0.02,3.7804,0.06,3.7404
model-1593993293,1593993447.571,0.04,3.7604,0.08,3.7204
model-1593993293,1593993447.702,0.0,3.8004,0.02,3.7804
model-1593993293,1593993447.835,0.1,3.7004,0.0,3.8004
model-1593993293,1593993447.967,0.1,3.7004,0.04,3.7604
model-1593993293,1593993448.098,0.02,3.7804,0.06,3.7404
model-1593993293,1593993448.23,0.02,3.7804,0.08,3.7204
model-1593993293,1593993448.361,0.0,3.8004,0.04,3.7604
model-1593993293,1593993448.495,0.1,3.7004,0.02,3.7804
model-1593993293,1593993448.625,0.06,3.7404,0.06,3.7404
model-1593993293,1593993448.756,0.02,3.7804,0.06,3.7404
model-1593993293,1593993448.887,0.02,3.7804,0.04,3.7604
model-1593993293,1593993449.021,0.02,3.7804,0.02,3.7804
model-1593993293,1593993449.152,0.02,3.7804,0.0,3.8004
model-1593993293,1593993449.285,0.02,3.7804,0.08,3.7204
model-1593993293,1593993449.418,0.04,3.7604,0.02,3.7804
model-1593993293,1593993449.552,0.06,3.7404,0.0,3.8004
model-1593993293,1593993449.685,0.02,3.7804,0.1,3.7004
model-1593993293,1593993449.822,0.14,3.6604,0.0,3.8004
model-1593993293,1593993449.953,0.06,3.7404,0.0,3.8004
model-1593993293,1593993450.084,0.04,3.7604,0.02,3.7804
model-1593993293,1593993450.217,0.02,3.7804,0.02,3.7804
model-1593993293,1593993450.351,0.1,3.7004,0.06,3.7404
model-1593993293,1593993450.484,0.02,3.7804,0.02,3.7804
model-1593993293,1593993450.618,0.04,3.7604,0.08,3.7204
model-1593993293,1593993450.752,0.06,3.7404,0.06,3.7404
model-1593993293,1593993450.886,0.08,3.7204,0.06,3.7404
model-1593993293,1593993451.019,0.04,3.7604,0.04,3.7604
model-1593993293,1593993451.152,0.04,3.7604,0.14,3.6604
model-1593993293,1593993451.285,0.1,3.7004,0.0,3.8004
model-1593993293,1593993451.416,0.08,3.7204,0.02,3.7804
model-1593993293,1593993451.549,0.04,3.7604,0.08,3.7204
model-1593993293,1593993451.682,0.02,3.7804,0.06,3.7404
model-1593993293,1593993451.816,0.08,3.7204,0.02,3.7804
model-1593993293,1593993451.948,0.06,3.7404,0.04,3.7604
model-1593993293,1593993452.083,0.04,3.7604,0.0,3.8004
model-1593993293,1593993452.214,0.02,3.7804,0.02,3.7804
model-1593993293,1593993452.347,0.1,3.7004,0.02,3.7804
model-1593993293,1593993452.477,0.04,3.7604,0.06,3.7404
model-1593993293,1593993452.611,0.02,3.7804,0.06,3.7404
model-1593993293,1593993452.744,0.04,3.7604,0.04,3.7604
model-1593993293,1593993452.875,0.1,3.7004,0.04,3.7604
model-1593993293,1593993453.007,0.1,3.7004,0.04,3.7604
model-1593993293,1593993453.139,0.06,3.7404,0.04,3.7604
model-1593993293,1593993453.27,0.04,3.7604,0.04,3.7604
model-1593993293,1593993453.402,0.04,3.7604,0.06,3.7404
model-1593993293,1593993453.534,0.06,3.7404,0.06,3.7404
model-1593993293,1593993453.665,0.02,3.7804,0.04,3.7604
model-1593993293,1593993453.803,0.06,3.7404,0.08,3.7204
model-1593993293,1593993453.936,0.02,3.7804,0.06,3.7404
model-1593993293,1593993454.07,0.02,3.7804,0.08,3.7204
model-1593993293,1593993454.201,0.1,3.7004,0.02,3.7804
model-1593993293,1593993454.333,0.02,3.7804,0.04,3.7604
model-1593993293,1593993454.465,0.02,3.7804,0.06,3.7404
model-1593993293,1593993454.597,0.08,3.7204,0.06,3.7404
model-1593993293,1593993454.73,0.06,3.7404,0.04,3.7604
model-1593993293,1593993454.863,0.06,3.7404,0.06,3.7404
model-1593993293,1593993454.995,0.1,3.7004,0.04,3.7604
model-1593993293,1593993455.123,0.02,3.7804,0.08,3.7204
model-1593993293,1593993455.255,0.04,3.7604,0.0,3.8004
model-1593993293,1593993455.387,0.08,3.7204,0.02,3.7804
model-1593993293,1593993455.52,0.06,3.7404,0.06,3.7404
model-1593993293,1593993455.653,0.08,3.7204,0.14,3.6604
model-1593993293,1593993455.786,0.04,3.7604,0.02,3.7804
model-1593993293,1593993455.916,0.06,3.7404,0.02,3.7804
model-1593993293,1593993456.048,0.02,3.7804,0.0,3.8004
model-1593993293,1593993456.178,0.06,3.7404,0.06,3.7404
model-1593993293,1593993456.309,0.04,3.7604,0.08,3.7204
model-1593993293,1593993456.441,0.08,3.7204,0.06,3.7404
model-1593993293,1593993456.57,0.04,3.7604,0.04,3.7604
model-1593993293,1593993456.7,0.04,3.7604,0.04,3.7604
model-1593993293,1593993456.834,0.06,3.7404,0.04,3.7604
model-1593993293,1593993456.965,0.08,3.7204,0.04,3.7604
model-1593993293,1593993457.099,0.06,3.7404,0.04,3.7604
model-1593993293,1593993457.229,0.08,3.7204,0.04,3.7604
model-1593993293,1593993457.359,0.02,3.7804,0.02,3.7804
model-1593993293,1593993457.49,0.04,3.7604,0.0,3.8004
model-1593993293,1593993457.621,0.02,3.7804,0.04,3.7604
model-1593993293,1593993457.752,0.04,3.7604,0.04,3.7604
model-1593993293,1593993457.885,0.06,3.7404,0.0,3.8004
model-1593993293,1593993458.016,0.08,3.7204,0.06,3.7404
model-1593993293,1593993458.148,0.02,3.7804,0.04,3.7604
model-1593993293,1593993458.276,0.02,3.7804,0.06,3.7404
model-1593993293,1593993458.409,0.0,3.8004,0.04,3.7604
model-1593993293,1593993458.54,0.06,3.7404,0.08,3.7204
model-1593993293,1593993458.671,0.1,3.7004,0.04,3.7604
model-1593993293,1593993458.802,0.08,3.7204,0.12,3.6804
model-1593993293,1593993458.934,0.1,3.7004,0.08,3.7204
model-1593993293,1593993459.065,0.04,3.7604,0.04,3.7604
model-1593993293,1593993459.196,0.08,3.7204,0.04,3.7604
model-1593993293,1593993459.326,0.02,3.7804,0.06,3.7404
model-1593993293,1593993459.455,0.02,3.7804,0.04,3.7604
model-1593993293,1593993459.588,0.06,3.7404,0.02,3.7804
model-1593993293,1593993459.719,0.02,3.7804,0.04,3.7604
model-1593993293,1593993459.856,0.06,3.7404,0.06,3.7404
model-1593993293,1593993459.987,0.06,3.7404,0.08,3.7204
model-1593993293,1593993460.119,0.02,3.7804,0.04,3.7604
model-1593993293,1593993460.249,0.08,3.7204,0.04,3.7604
model-1593993293,1593993460.383,0.06,3.7404,0.04,3.7604
model-1593993293,1593993460.516,0.04,3.7604,0.02,3.7804
model-1593993293,1593993460.651,0.04,3.7604,0.02,3.7804
model-1593993293,1593993460.783,0.08,3.7204,0.04,3.7604
model-1593993293,1593993460.914,0.1,3.7004,0.04,3.7604
model-1593993293,1593993461.048,0.08,3.7204,0.04,3.7604
model-1593993293,1593993461.181,0.02,3.7804,0.04,3.7604
model-1593993293,1593993461.313,0.04,3.7604,0.06,3.7404
model-1593993293,1593993461.445,0.02,3.7804,0.1,3.7004
model-1593993293,1593993461.576,0.06,3.7404,0.06,3.7404
model-1593993293,1593993461.708,0.04,3.7604,0.02,3.7804
model-1593993293,1593993461.84,0.02,3.7804,0.04,3.7604
model-1593993293,1593993461.972,0.1,3.7004,0.08,3.7204
model-1593993293,1593993462.103,0.06,3.7404,0.0,3.8004
model-1593993293,1593993462.234,0.04,3.7604,0.1,3.7004
model-1593993293,1593993462.368,0.08,3.7204,0.06,3.7404
model-1593993293,1593993462.5,0.02,3.7804,0.04,3.7604
model-1593993293,1593993462.634,0.1,3.7004,0.1,3.7004
model-1593993293,1593993462.767,0.06,3.7404,0.0,3.8004
model-1593993293,1593993462.898,0.0,3.8004,0.08,3.7204
model-1593993293,1593993463.03,0.04,3.7604,0.06,3.7404
model-1593993293,1593993463.163,0.1,3.7004,0.06,3.7404
model-1593993293,1593993463.294,0.04,3.7604,0.1,3.7004
model-1593993293,1593993463.425,0.08,3.7204,0.12,3.6804
model-1593993293,1593993463.555,0.04,3.7604,0.06,3.7404
model-1593993293,1593993463.688,0.08,3.7204,0.04,3.7604
model-1593993293,1593993463.82,0.04,3.7604,0.06,3.7404
model-1593993293,1593993463.952,0.04,3.7604,0.0,3.8004
model-1593993293,1593993464.087,0.02,3.7804,0.0,3.8004
model-1593993293,1593993464.219,0.02,3.7804,0.0,3.8004
model-1593993293,1593993464.351,0.0,3.8004,0.04,3.7604
model-1593993293,1593993464.484,0.1,3.7004,0.06,3.7404
model-1593993293,1593993464.618,0.06,3.7404,0.06,3.7404
model-1593993293,1593993464.753,0.04,3.7604,0.04,3.7604
model-1593993293,1593993464.887,0.08,3.7204,0.02,3.7804
model-1593993293,1593993465.023,0.02,3.7804,0.1,3.7004
model-1593993293,1593993465.162,0.02,3.7804,0.06,3.7404
model-1593993293,1593993465.306,0.06,3.7404,0.04,3.7604
model-1593993293,1593993465.44,0.02,3.7804,0.02,3.7804
model-1593993293,1593993465.574,0.02,3.7804,0.04,3.7604
model-1593993293,1593993465.705,0.02,3.7804,0.04,3.7604
model-1593993293,1593993465.836,0.08,3.7204,0.04,3.7604
model-1593993293,1593993465.968,0.08,3.7204,0.04,3.7604
model-1593993293,1593993466.099,0.08,3.7204,0.04,3.7604
model-1593993293,1593993466.229,0.06,3.7404,0.1,3.7004
model-1593993293,1593993466.361,0.04,3.7604,0.04,3.7604
model-1593993293,1593993466.493,0.06,3.7404,0.06,3.7404
model-1593993293,1593993466.622,0.06,3.7404,0.02,3.7804
model-1593993293,1593993466.755,0.04,3.7604,0.06,3.7404
model-1593993293,1593993466.887,0.02,3.7804,0.08,3.7204
model-1593993293,1593993467.02,0.0,3.8004,0.04,3.7604
model-1593993293,1593993467.154,0.04,3.7604,0.06,3.7404
model-1593993293,1593993467.285,0.0,3.8004,0.04,3.7604
model-1593993293,1593993467.415,0.02,3.7804,0.08,3.7204
model-1593993293,1593993467.547,0.0,3.8004,0.08,3.7204
model-1593993293,1593993467.678,0.02,3.7804,0.08,3.7204
model-1593993293,1593993467.81,0.02,3.7804,0.06,3.7404
model-1593993293,1593993467.941,0.1,3.7004,0.06,3.7404
model-1593993293,1593993468.07,0.06,3.7404,0.06,3.7404
model-1593993293,1593993468.2,0.04,3.7604,0.06,3.7404
model-1593993293,1593993468.332,0.06,3.7404,0.02,3.7804
model-1593993293,1593993468.461,0.02,3.7804,0.04,3.7604
model-1593993293,1593993468.594,0.1,3.7004,0.06,3.7404
model-1593993293,1593993468.727,0.06,3.7404,0.06,3.7404
model-1593993293,1593993468.857,0.02,3.7804,0.02,3.7804
model-1593993293,1593993468.989,0.04,3.7604,0.06,3.7404
model-1593993293,1593993469.119,0.04,3.7604,0.06,3.7404
model-1593993293,1593993469.248,0.1,3.7004,0.02,3.7804
model-1593993293,1593993469.379,0.06,3.7404,0.06,3.7404
model-1593993293,1593993469.512,0.02,3.7804,0.02,3.7804
model-1593993293,1593993469.644,0.06,3.7404,0.0,3.8004
model-1593993293,1593993469.777,0.06,3.7404,0.1,3.7004
model-1593993293,1593993469.908,0.08,3.7204,0.0,3.8004
model-1593993293,1593993470.039,0.08,3.7204,0.04,3.7604
model-1593993293,1593993470.169,0.06,3.7404,0.04,3.7604
model-1593993293,1593993470.301,0.1,3.7004,0.02,3.7804
model-1593993293,1593993470.432,0.04,3.7604,0.06,3.7404
model-1593993293,1593993470.563,0.06,3.7404,0.04,3.7604
model-1593993293,1593993470.697,0.08,3.7204,0.06,3.7404
model-1593993293,1593993470.828,0.02,3.7804,0.04,3.7604
model-1593993293,1593993470.963,0.0,3.8004,0.06,3.7404
model-1593993293,1593993471.095,0.0,3.8004,0.04,3.7604
model-1593993293,1593993471.226,0.02,3.7804,0.0,3.8004
model-1593993293,1593993471.357,0.04,3.7604,0.0,3.8004
model-1593993293,1593993471.487,0.06,3.7404,0.06,3.7404
model-1593993293,1593993471.619,0.04,3.7604,0.08,3.7204
model-1593993293,1593993471.75,0.06,3.7404,0.06,3.7404
model-1593993293,1593993471.881,0.04,3.7604,0.06,3.7404
model-1593993293,1593993472.012,0.04,3.7604,0.06,3.7404
model-1593993293,1593993472.145,0.04,3.7604,0.06,3.7404
model-1593993293,1593993472.276,0.08,3.7204,0.04,3.7604
model-1593993293,1593993472.408,0.08,3.7204,0.02,3.7804
model-1593993293,1593993472.543,0.02,3.7804,0.06,3.7404
model-1593993293,1593993472.678,0.06,3.7404,0.08,3.7204
model-1593993293,1593993472.813,0.04,3.7604,0.08,3.7204
model-1593993293,1593993472.947,0.02,3.7804,0.0,3.8004
model-1593993293,1593993473.079,0.08,3.7204,0.0,3.8004
model-1593993293,1593993473.213,0.02,3.7804,0.02,3.7804
model-1593993293,1593993473.346,0.06,3.7404,0.02,3.7804
model-1593993293,1593993473.478,0.08,3.7204,0.0,3.8004
model-1593993293,1593993473.61,0.04,3.7604,0.08,3.7204
model-1593993293,1593993473.743,0.06,3.7404,0.1,3.7004
model-1593993293,1593993473.874,0.12,3.6804,0.1,3.7004
model-1593993293,1593993474.006,0.04,3.7604,0.08,3.7204
model-1593993293,1593993474.136,0.0,3.8004,0.08,3.7204
model-1593993293,1593993474.269,0.06,3.7404,0.04,3.7604
model-1593993293,1593993474.4,0.04,3.7604,0.02,3.7804
model-1593993293,1593993474.532,0.0,3.8004,0.08,3.7204
model-1593993293,1593993474.664,0.08,3.7204,0.06,3.7404
model-1593993293,1593993474.797,0.06,3.7404,0.04,3.7604
model-1593993293,1593993474.931,0.04,3.7604,0.06,3.7404
model-1593993293,1593993475.064,0.14,3.6604,0.02,3.7804
model-1593993293,1593993475.197,0.06,3.7404,0.0,3.8004
model-1593993293,1593993475.327,0.12,3.6804,0.06,3.7404
model-1593993293,1593993475.46,0.04,3.7604,0.04,3.7604
model-1593993293,1593993475.593,0.0,3.8004,0.04,3.7604
model-1593993293,1593993475.724,0.12,3.6804,0.02,3.7804
model-1593993293,1593993475.857,0.02,3.7804,0.0,3.8004
model-1593993293,1593993475.99,0.2,3.6004,0.12,3.6804
model-1593993293,1593993476.119,0.02,3.7804,0.02,3.7804
model-1593993293,1593993476.25,0.04,3.7604,0.08,3.7204
model-1593993293,1593993476.381,0.04,3.7604,0.1,3.7004
model-1593993293,1593993476.515,0.06,3.7404,0.04,3.7604
model-1593993293,1593993476.646,0.02,3.7804,0.14,3.6604
model-1593993293,1593993476.779,0.08,3.7204,0.1,3.7004
model-1593993293,1593993476.911,0.04,3.7604,0.04,3.7604
model-1593993293,1593993477.045,0.08,3.7204,0.04,3.7604
model-1593993293,1593993477.177,0.02,3.7804,0.02,3.7804
model-1593993293,1593993477.311,0.04,3.7604,0.04,3.7604
model-1593993293,1593993477.445,0.04,3.7604,0.04,3.7604
model-1593993293,1593993477.575,0.12,3.6804,0.1,3.7004
model-1593993293,1593993477.708,0.08,3.7204,0.04,3.7604
model-1593993293,1593993477.84,0.0,3.8004,0.04,3.7604
model-1593993293,1593993477.97,0.04,3.7604,0.1,3.7004
model-1593993293,1593993478.102,0.08,3.7204,0.04,3.7604
model-1593993293,1593993478.234,0.04,3.7604,0.04,3.7604
model-1593993293,1593993478.365,0.06,3.7404,0.04,3.7604
model-1593993293,1593993478.496,0.08,3.7204,0.1,3.7004
model-1593993293,1593993478.629,0.06,3.7404,0.0,3.8004
model-1593993293,1593993478.763,0.08,3.7204,0.04,3.7604
model-1593993293,1593993478.896,0.1,3.7004,0.04,3.7604
model-1593993293,1593993479.028,0.04,3.7604,0.04,3.7604
model-1593993293,1593993479.162,0.04,3.7604,0.06,3.7404
model-1593993293,1593993479.295,0.08,3.7204,0.02,3.7804
model-1593993293,1593993479.426,0.1,3.7004,0.14,3.6604
model-1593993293,1593993479.558,0.04,3.7604,0.04,3.7604
model-1593993293,1593993479.691,0.04,3.7604,0.06,3.7404
model-1593993293,1593993479.822,0.08,3.7204,0.08,3.7204
model-1593993293,1593993479.955,0.06,3.7404,0.04,3.7604
model-1593993293,1593993480.087,0.04,3.7604,0.06,3.7404
model-1593993293,1593993480.22,0.0,3.8004,0.06,3.7404
model-1593993293,1593993480.353,0.04,3.7604,0.1,3.7004
model-1593993293,1593993480.487,0.1,3.7004,0.04,3.7604
model-1593993293,1593993480.618,0.04,3.7604,0.02,3.7804
model-1593993293,1593993480.751,0.04,3.7604,0.02,3.7804
model-1593993293,1593993480.887,0.02,3.7804,0.04,3.7604
model-1593993293,1593993481.026,0.1,3.7004,0.06,3.7404
model-1593993293,1593993481.16,0.08,3.7204,0.04,3.7604
model-1593993293,1593993481.299,0.04,3.7604,0.0,3.8004
model-1593993293,1593993481.438,0.04,3.7604,0.06,3.7404
model-1593993293,1593993481.575,0.06,3.7404,0.04,3.7604
model-1593993293,1593993481.707,0.02,3.7804,0.04,3.7604
model-1593993293,1593993481.841,0.06,3.7404,0.02,3.7804
model-1593993293,1593993481.973,0.14,3.6604,0.14,3.6604
model-1593993293,1593993482.106,0.02,3.7804,0.1,3.7004
model-1593993293,1593993482.238,0.08,3.7204,0.06,3.7404
model-1593993293,1593993482.368,0.0,3.8004,0.04,3.7604
model-1593993293,1593993482.5,0.04,3.7604,0.04,3.7604
model-1593993293,1593993482.618,0.0,3.8004,0.02,3.7804
